<html>
<head>
<title>TestNG:  Pixel_9</title>
<link href="../testng.css" rel="stylesheet" type="text/css" />
<link href="../my-testng.css" rel="stylesheet" type="text/css" />

<style type="text/css">
.log { display: none;} 
.stack-trace { display: none;} 
</style>
<script type="text/javascript">
<!--
function flip(e) {
  current = e.style.display;
  if (current == 'block') {
    e.style.display = 'none';
    return 0;
  }
  else {
    e.style.display = 'block';
    return 1;
  }
}

function toggleBox(szDivId, elem, msg1, msg2)
{
  var res = -1;  if (document.getElementById) {
    res = flip(document.getElementById(szDivId));
  }
  else if (document.all) {
    // this is the way old msie versions work
    res = flip(document.all[szDivId]);
  }
  if(elem) {
    if(res == 0) elem.innerHTML = msg1; else elem.innerHTML = msg2;
  }

}

function toggleAllBoxes() {
  if (document.getElementsByTagName) {
    d = document.getElementsByTagName('div');
    for (i = 0; i < d.length; i++) {
      if (d[i].className == 'log') {
        flip(d[i]);
      }
    }
  }
}

// -->
</script>

</head>
<body>
<h2 align='center'>Pixel_9</h2><table border='1' align="center">
<tr>
<td>Tests passed/Failed/Skipped:</td><td>12/0/1</td>
</tr><tr>
<td>Started on:</td><td>Thu Feb 12 12:56:43 EST 2026</td>
</tr>
<tr><td>Total time:</td><td>292 seconds (292800 ms)</td>
</tr><tr>
<td>Included groups:</td><td>regression </td>
</tr><tr>
<td>Excluded groups:</td><td></td>
</tr>
</table><p/>
<small><i>(Hover the method name to see the test class name)</i></small><p/>
<table width='100%' border='1' class='invocation-passed'>
<tr><td colspan='4' align='center'><b>PASSED TESTS</b></td></tr>
<tr><td><b>Test method</b></td>
<td><b>Attribute(s)</b></td>
<td width="30%"><b>Exception</b></td>
<td width="10%"><b>Time (seconds)</b></td>
<td><b>Instance</b></td>
</tr>
<tr>
<td title='testCases.TC04_AddToCart.AddToCartTest()'><b>AddToCartTest</b><br>Test class: testCases.TC04_AddToCart<br>Parameters: China, Lu Bai, female, Jordan Lift Off</td>
<td></td>
<td>25</td>
<td>testCases.TC04_AddToCart@4b213651</td></tr>
<tr>
<td title='testCases.TC04_AddToCart.AddToCartTest()'><b>AddToCartTest</b><br>Test class: testCases.TC04_AddToCart<br>Parameters: Australia, Bluey, female, PG 3</td>
<td></td>
<td>22</td>
<td>testCases.TC04_AddToCart@4b213651</td></tr>
<tr>
<td title='testCases.TC07_ValidateToastMessage.ValidateToastMessageTest()'><b>ValidateToastMessageTest</b><br>Test class: testCases.TC07_ValidateToastMessage</td>
<td></td>
<td>4</td>
<td>testCases.TC07_ValidateToastMessage@60410cd</td></tr>
<tr>
<td title='testCases.TC02_ShopSelectingCanada.ShopSelectingCanadaTest()'><b>ShopSelectingCanadaTest</b><br>Test class: testCases.TC02_ShopSelectingCanada</td>
<td></td>
<td>18</td>
<td>testCases.TC02_ShopSelectingCanada@f107c50</td></tr>
<tr>
<td title='testCases.TC03_LetsShop.LetsShopTest()'><b>LetsShopTest</b><br>Test class: testCases.TC03_LetsShop</td>
<td></td>
<td>7</td>
<td>testCases.TC03_LetsShop@51133c06</td></tr>
<tr>
<td title='testCases.TC04_AddToCart.AddToCartTest()'><b>AddToCartTest</b><br>Test class: testCases.TC04_AddToCart<br>Parameters: Brazil, Christ the Redeemer, male, LeBron Soldier 12 </td>
<td></td>
<td>25</td>
<td>testCases.TC04_AddToCart@4b213651</td></tr>
<tr>
<td title='testCases.TC05_CompletePurchase.CompletePurchaseTest()'><b>CompletePurchaseTest</b><br>Test class: testCases.TC05_CompletePurchase</td>
<td></td>
<td>36</td>
<td>testCases.TC05_CompletePurchase@4241e0f4</td></tr>
<tr>
<td title='testCases.TC06_TermsAndConditions.TermsAndConditionsTest()'><b>TermsAndConditionsTest</b><br>Test class: testCases.TC06_TermsAndConditions</td>
<td></td>
<td>13</td>
<td>testCases.TC06_TermsAndConditions@4ebff610</td></tr>
<tr>
<td title='testCases.TC04_AddToCart.AddToCartTest()'><b>AddToCartTest</b><br>Test class: testCases.TC04_AddToCart<br>Parameters: Aruba, Ray, male, Converse All Star</td>
<td></td>
<td>17</td>
<td>testCases.TC04_AddToCart@4b213651</td></tr>
<tr>
<td title='testCases.TC04_AddToCart.AddToCartTest()'><b>AddToCartTest</b><br>Test class: testCases.TC04_AddToCart<br>Parameters: Canada, Rae, female, Air Jordan 9 Retro</td>
<td></td>
<td>23</td>
<td>testCases.TC04_AddToCart@4b213651</td></tr>
<tr>
<td title='testCases.TC04_AddToCart.AddToCartTest()'><b>AddToCartTest</b><br>Test class: testCases.TC04_AddToCart<br>Parameters: Christmas Island, Depeche Mode, male, Air Jordan 4 Retro</td>
<td></td>
<td>19</td>
<td>testCases.TC04_AddToCart@4b213651</td></tr>
<tr>
<td title='testCases.TC01_LaunchApp.LaunchAppTest()'><b>LaunchAppTest</b><br>Test class: testCases.TC01_LaunchApp</td>
<td></td>
<td>4</td>
<td>testCases.TC01_LaunchApp@7fbdb894</td></tr>
</table><p>
<table width='100%' border='1' class='invocation-skipped'>
<tr><td colspan='4' align='center'><b>SKIPPED TESTS</b></td></tr>
<tr><td><b>Test method</b></td>
<td><b>Attribute(s)</b></td>
<td width="30%"><b>Exception</b></td>
<td width="10%"><b>Time (seconds)</b></td>
<td><b>Instance</b></td>
</tr>
<tr>
<td title='testCases.TC04_AddToCart.AddToCartTest()'><b>AddToCartTest</b><br>Test class: testCases.TC04_AddToCart<br>Parameters: China, Lu Bai, female, Jordan Lift Off</td>
<td><div><pre>java.lang.AssertionError: expected [Jordan Lift Off] but found [Jordan 6 Rings]
	at testCases.TC04_AddToCart.AddToCartTest(TC04_AddToCart.java:71)
	at java.base/java.util.ArrayList.forEach(ArrayList.java:1596)
	at java.base/java.util.concurrent.FutureTask.run(FutureTask.java:317)
	at java.base/java.util.concurrent.ThreadPoolExecutor.runWorker(ThreadPoolExecutor.java:1144)
	at java.base/java.util.concurrent.ThreadPoolExecutor$Worker.run(ThreadPoolExecutor.java:642)
	at java.base/java.lang.Thread.run(Thread.java:1583)
... Removed 21 stack frames</pre></div><a href='#' onClick='toggleBox("stack-trace1075622740", this, "Click to show all stack frames", "Click to hide stack frames")'>Click to show all stack frames</a>
<div class='stack-trace' id='stack-trace1075622740'><pre>java.lang.AssertionError: expected [Jordan Lift Off] but found [Jordan 6 Rings]
	at org.testng.Assert.fail(Assert.java:111)
	at org.testng.Assert.failNotEquals(Assert.java:1590)
	at org.testng.Assert.assertEqualsImpl(Assert.java:150)
	at org.testng.Assert.assertEquals(Assert.java:132)
	at org.testng.Assert.assertEquals(Assert.java:656)
	at org.testng.Assert.assertEquals(Assert.java:666)
	at testCases.TC04_AddToCart.AddToCartTest(TC04_AddToCart.java:71)
	at java.base/jdk.internal.reflect.DirectMethodHandleAccessor.invoke(DirectMethodHandleAccessor.java:103)
	at java.base/java.lang.reflect.Method.invoke(Method.java:580)
	at org.testng.internal.invokers.MethodInvocationHelper.invokeMethod(MethodInvocationHelper.java:141)
	at org.testng.internal.invokers.TestInvoker.invokeMethod(TestInvoker.java:687)
	at org.testng.internal.invokers.TestInvoker.invokeTestMethod(TestInvoker.java:230)
	at org.testng.internal.invokers.MethodRunner.runInSequence(MethodRunner.java:63)
	at org.testng.internal.invokers.TestInvoker$MethodInvocationAgent.invoke(TestInvoker.java:995)
	at org.testng.internal.invokers.TestInvoker.invokeTestMethods(TestInvoker.java:203)
	at org.testng.internal.invokers.TestMethodWorker.invokeTestMethods(TestMethodWorker.java:154)
	at org.testng.internal.invokers.TestMethodWorker.run(TestMethodWorker.java:134)
	at java.base/java.util.ArrayList.forEach(ArrayList.java:1596)
	at org.testng.TestRunner.privateRun(TestRunner.java:741)
	at org.testng.TestRunner.run(TestRunner.java:616)
	at org.testng.SuiteRunner.runTest(SuiteRunner.java:421)
	at org.testng.SuiteRunner$SuiteWorker.run(SuiteRunner.java:463)
	at org.testng.internal.thread.ThreadUtil.lambda$execute$0(ThreadUtil.java:64)
	at java.base/java.util.concurrent.FutureTask.run(FutureTask.java:317)
	at java.base/java.util.concurrent.ThreadPoolExecutor.runWorker(ThreadPoolExecutor.java:1144)
	at java.base/java.util.concurrent.ThreadPoolExecutor$Worker.run(ThreadPoolExecutor.java:642)
	at java.base/java.lang.Thread.run(Thread.java:1583)
</pre></div></td>
<td>25</td>
<td>testCases.TC04_AddToCart@4b213651</td></tr>
</table><p>
</body>
</html>