<?xml version="1.0" encoding="UTF-8"?>
<!-- Generated by org.testng.reporters.JUnitXMLReporter -->
<testsuite ignored="0" hostname="MacBookPro" failures="0" tests="13" name="Pixel_9" time="292.8" errors="0" timestamp="2026-02-12T13:01:36 EST">
  <testcase classname="testCases.TC01_LaunchApp" name="LaunchAppTest" time="4.25"/>
  <testcase classname="testCases.TC02_ShopSelectingCanada" name="ShopSelectingCanadaTest" time="18.526"/>
  <testcase classname="testCases.TC03_LetsShop" name="LetsShopTest" time="7.283"/>
  <testcase classname="testCases.TC04_AddToCart" name="AddToCartTest" time="17.492"/>
  <testcase classname="testCases.TC04_AddToCart" name="AddToCartTest" time="22.349"/>
  <testcase classname="testCases.TC04_AddToCart" name="AddToCartTest" time="25.045"/>
  <testcase classname="testCases.TC04_AddToCart" name="AddToCartTest" time="23.332"/>
  <testcase classname="testCases.TC04_AddToCart" name="AddToCartTest" time="25.124">
    <skipped/>
  </testcase> <!-- AddToCartTest -->
  <testcase classname="testCases.TC04_AddToCart" name="AddToCartTest" time="25.086"/>
  <testcase classname="testCases.TC04_AddToCart" name="AddToCartTest" time="19.709"/>
  <testcase classname="testCases.TC05_CompletePurchase" name="CompletePurchaseTest" time="36.104"/>
  <testcase classname="testCases.TC06_TermsAndConditions" name="TermsAndConditionsTest" time="13.521"/>
  <testcase classname="testCases.TC07_ValidateToastMessage" name="ValidateToastMessageTest" time="4.975"/>
</testsuite> <!-- Pixel_9 -->
