<?xml version="1.0" encoding="UTF-8"?>
<!-- Generated by org.testng.reporters.JUnitXMLReporter -->
<testsuite ignored="6" hostname="MacBookPro" failures="0" tests="6" name="Pixel_9" time="164.953" errors="0" timestamp="2026-02-12T15:51:41 EST">
  <testcase classname="testCases.TC04_AddToCart" name="AddToCartTest" time="18.534"/>
  <testcase classname="testCases.TC04_AddToCart" name="AddToCartTest" time="22.265"/>
  <testcase classname="testCases.TC04_AddToCart" name="AddToCartTest" time="25.835"/>
  <testcase classname="testCases.TC04_AddToCart" name="AddToCartTest" time="24.539"/>
  <testcase classname="testCases.TC04_AddToCart" name="AddToCartTest" time="25.799"/>
  <testcase classname="testCases.TC04_AddToCart" name="AddToCartTest" time="20.2"/>
  <testcase classname="testCases.TC02_ShopSelectingCanada" name="ShopSelectingCanadaTest" time="0.0">
    <ignored/>
  </testcase> <!-- ShopSelectingCanadaTest -->
  <testcase classname="testCases.TC03_LetsShop" name="LetsShopTest" time="0.0">
    <ignored/>
  </testcase> <!-- LetsShopTest -->
  <testcase classname="testCases.TC07_ValidateToastMessage" name="ValidateToastMessageTest" time="0.0">
    <ignored/>
  </testcase> <!-- ValidateToastMessageTest -->
  <testcase classname="testCases.TC01_LaunchApp" name="LaunchAppTest" time="0.0">
    <ignored/>
  </testcase> <!-- LaunchAppTest -->
  <testcase classname="testCases.TC05_CompletePurchase" name="CompletePurchaseTest" time="0.0">
    <ignored/>
  </testcase> <!-- CompletePurchaseTest -->
  <testcase classname="testCases.TC06_TermsAndConditions" name="TermsAndConditionsTest" time="0.0">
    <ignored/>
  </testcase> <!-- TermsAndConditionsTest -->
</testsuite> <!-- Pixel_9 -->
