<?xml version="1.0" encoding="UTF-8"?>
<!-- Generated by org.testng.reporters.JUnitXMLReporter -->
<testsuite ignored="0" hostname="MacBookPro" failures="0" tests="7" name="AndroidDeviceTest" time="125.991" errors="0" timestamp="2026-02-11T13:08:11 EST">
  <testcase classname="testCases.TC01_LaunchApp" name="LaunchAppTest" time="4.078"/>
  <testcase classname="testCases.TC02_ShopSelectingCanada" name="ShopSelectingCanadaTest" time="18.526"/>
  <testcase classname="testCases.TC03_LetsShop" name="LetsShopTest" time="7.322"/>
  <testcase classname="testCases.TC04_AddToCart" name="AddToCartTest" time="11.52"/>
  <testcase classname="testCases.TC05_CompletePurchase" name="CompletePurchaseTest" time="36.975"/>
  <testcase classname="testCases.TC06_TermsAndConditions" name="TermsAndConditionsTest" time="13.671"/>
  <testcase classname="testCases.TC07_ValidateToastMessage" name="ValidateToastMessageTest" time="5.095"/>
</testsuite> <!-- AndroidDeviceTest -->
