<?xml version="1.0" encoding="UTF-8"?>
<!-- Generated by org.testng.reporters.JUnitXMLReporter -->
<testsuite ignored="6" hostname="MacBookPro" failures="0" tests="6" name="Pixel_9" time="168.463" errors="0" timestamp="2026-02-12T17:53:37 EST">
  <testcase classname="testCases.TC04_AddToCart" name="AddToCartTest" time="19.723"/>
  <testcase classname="testCases.TC04_AddToCart" name="AddToCartTest" time="21.691"/>
  <testcase classname="testCases.TC04_AddToCart" name="AddToCartTest" time="25.719"/>
  <testcase classname="testCases.TC04_AddToCart" name="AddToCartTest" time="23.876"/>
  <testcase classname="testCases.TC04_AddToCart" name="AddToCartTest" time="25.408"/>
  <testcase classname="testCases.TC04_AddToCart" name="AddToCartTest" time="21.094"/>
  <testcase classname="testCases.TC02_ShopSelectingCanada" name="ShopSelectingCanadaTest" time="0.0">
    <ignored/>
  </testcase> <!-- ShopSelectingCanadaTest -->
  <testcase classname="testCases.TC03_LetsShop" name="LetsShopTest" time="0.0">
    <ignored/>
  </testcase> <!-- LetsShopTest -->
  <testcase classname="testCases.TC07_ValidateToastMessage" name="ValidateToastMessageTest" time="0.0">
    <ignored/>
  </testcase> <!-- ValidateToastMessageTest -->
  <testcase classname="testCases.TC01_LaunchApp" name="LaunchAppTest" time="0.0">
    <ignored/>
  </testcase> <!-- LaunchAppTest -->
  <testcase classname="testCases.TC05_CompletePurchase" name="CompletePurchaseTest" time="0.0">
    <ignored/>
  </testcase> <!-- CompletePurchaseTest -->
  <testcase classname="testCases.TC06_TermsAndConditions" name="TermsAndConditionsTest" time="0.0">
    <ignored/>
  </testcase> <!-- TermsAndConditionsTest -->
</testsuite> <!-- Pixel_9 -->
