<?xml version="1.0" encoding="UTF-8"?>
<!-- Generated by org.testng.reporters.JUnitXMLReporter -->
<testsuite ignored="6" hostname="MacBookPro" failures="0" tests="7" name="Small Phone" time="234.266" errors="0" timestamp="2026-02-12T17:54:41 EST">
  <testcase classname="testCases.TC04_AddToCart" name="AddToCartTest" time="21.298"/>
  <testcase classname="testCases.TC04_AddToCart" name="AddToCartTest" time="27.206">
    <skipped/>
  </testcase> <!-- AddToCartTest -->
  <testcase classname="testCases.TC04_AddToCart" name="AddToCartTest" time="26.591"/>
  <testcase classname="testCases.TC04_AddToCart" name="AddToCartTest" time="31.613"/>
  <testcase classname="testCases.TC04_AddToCart" name="AddToCartTest" time="29.845"/>
  <testcase classname="testCases.TC04_AddToCart" name="AddToCartTest" time="37.828"/>
  <testcase classname="testCases.TC04_AddToCart" name="AddToCartTest" time="29.925"/>
  <testcase classname="testCases.TC01_LaunchApp" name="LaunchAppTest" time="0.0">
    <ignored/>
  </testcase> <!-- LaunchAppTest -->
  <testcase classname="testCases.TC06_TermsAndConditions" name="TermsAndConditionsTest" time="0.0">
    <ignored/>
  </testcase> <!-- TermsAndConditionsTest -->
  <testcase classname="testCases.TC02_ShopSelectingCanada" name="ShopSelectingCanadaTest" time="0.0">
    <ignored/>
  </testcase> <!-- ShopSelectingCanadaTest -->
  <testcase classname="testCases.TC03_LetsShop" name="LetsShopTest" time="0.0">
    <ignored/>
  </testcase> <!-- LetsShopTest -->
  <testcase classname="testCases.TC05_CompletePurchase" name="CompletePurchaseTest" time="0.0">
    <ignored/>
  </testcase> <!-- CompletePurchaseTest -->
  <testcase classname="testCases.TC07_ValidateToastMessage" name="ValidateToastMessageTest" time="0.0">
    <ignored/>
  </testcase> <!-- ValidateToastMessageTest -->
</testsuite> <!-- Small Phone -->
