<?xml version="1.0" encoding="UTF-8"?>
<testsuite xmlns:xsi="http://www.w3.org/2001/XMLSchema-instance" xsi:noNamespaceSchemaLocation="https://maven.apache.org/surefire/maven-surefire-plugin/xsd/surefire-test-report.xsd" version="3.0.2" name="TestSuite" time="293.902" tests="13" errors="0" skipped="1" failures="0">
  <properties>
[...]
</properties>
  <testcase name="LaunchAppTest" classname="testCases.TC01_LaunchApp" time="4.256">
    <system-out><![CDATA[2026-02-12 12:56:43 [TestNG-tests-1] INFO  testBase.BaseClass - ========== Test Setup Started ==========
2026-02-12 12:56:43 [TestNG-tests-1] DEBUG testBase.BaseClass - Loading config.properties from classpath
2026-02-12 12:56:43 [TestNG-tests-1] INFO  testBase.BaseClass - config.properties loaded successfully
2026-02-12 12:56:43 [TestNG-tests-1] DEBUG testBase.BaseClass - Appium Server URL: http://127.0.0.1:4723
2026-02-12 12:56:43 [TestNG-tests-1] DEBUG testBase.BaseClass - Device Name: emulator-5554
2026-02-12 12:56:43 [TestNG-tests-1] DEBUG testBase.BaseClass - App Path: /Users/raymondrohring/appium-workspace/MobileAutomationFramework/src/test/resources/General-Store.apk
2026-02-12 12:56:43 [TestNG-tests-1] DEBUG testBase.BaseClass - Chromedriver Path: /Users/raymondrohring/Downloads/chromedriver-mac-x64/chromedriver
2026-02-12 12:56:43 [TestNG-tests-1] INFO  testBase.BaseClass - Initializing AndroidDriver...
2026-02-12 12:56:47 [TestNG-tests-1] INFO  testBase.BaseClass - Driver initialized successfully
2026-02-12 12:56:47 [TestNG-tests-1] INFO  testCases.TC01_LaunchApp - ========== TC01_LaunchApp STARTED ==========
2026-02-12 12:56:47 [TestNG-tests-1] DEBUG testCases.TC01_LaunchApp - Initializing HomePage object
2026-02-12 12:56:47 [TestNG-tests-1] DEBUG testCases.TC01_LaunchApp - Fetching default text from Name field
2026-02-12 12:56:51 [TestNG-tests-1] DEBUG testCases.TC01_LaunchApp - Actual Text Retrieved: Enter name here
2026-02-12 12:56:51 [TestNG-tests-1] INFO  testCases.TC01_LaunchApp - Validating default name field text
2026-02-12 12:56:51 [TestNG-tests-1] INFO  testCases.TC01_LaunchApp - Assertion Passed: Default text is correct
2026-02-12 12:56:51 [TestNG-tests-1] INFO  testCases.TC01_LaunchApp - ========== TC01_LaunchApp COMPLETED ==========
]]></system-out>
    <system-err><![CDATA[SLF4J(W): No SLF4J providers were found.
SLF4J(W): Defaulting to no-operation (NOP) logger implementation
SLF4J(W): See https://www.slf4j.org/codes.html#noProviders for further details.
SLF4J(W): Class path contains SLF4J bindings targeting slf4j-api versions 1.7.x or earlier.
SLF4J(W): Ignoring binding found at [jar:file:/Users/raymondrohring/.m2/repository/org/apache/logging/log4j/log4j-slf4j-impl/2.25.3/log4j-slf4j-impl-2.25.3.jar!/org/slf4j/impl/StaticLoggerBinder.class]
SLF4J(W): See https://www.slf4j.org/codes.html#ignoredBindings for an explanation.
]]></system-err>
  </testcase>
  <testcase name="ShopSelectingCanadaTest" classname="testCases.TC02_ShopSelectingCanada" time="18.527">
    <system-out><![CDATA[2026-02-12 12:56:51 [TestNG-tests-1] INFO  testBase.BaseClass - ========== Test Teardown Started ==========
2026-02-12 12:56:52 [TestNG-tests-1] INFO  testBase.BaseClass - Driver quit successfully
2026-02-12 12:56:52 [TestNG-tests-1] INFO  testBase.BaseClass - ========== Test Setup Started ==========
2026-02-12 12:56:52 [TestNG-tests-1] DEBUG testBase.BaseClass - Loading config.properties from classpath
2026-02-12 12:56:52 [TestNG-tests-1] INFO  testBase.BaseClass - config.properties loaded successfully
2026-02-12 12:56:52 [TestNG-tests-1] DEBUG testBase.BaseClass - Appium Server URL: http://127.0.0.1:4723
2026-02-12 12:56:52 [TestNG-tests-1] DEBUG testBase.BaseClass - Device Name: emulator-5554
2026-02-12 12:56:52 [TestNG-tests-1] DEBUG testBase.BaseClass - App Path: /Users/raymondrohring/appium-workspace/MobileAutomationFramework/src/test/resources/General-Store.apk
2026-02-12 12:56:52 [TestNG-tests-1] DEBUG testBase.BaseClass - Chromedriver Path: /Users/raymondrohring/Downloads/chromedriver-mac-x64/chromedriver
2026-02-12 12:56:52 [TestNG-tests-1] INFO  testBase.BaseClass - Initializing AndroidDriver...
2026-02-12 12:56:55 [TestNG-tests-1] INFO  testBase.BaseClass - Driver initialized successfully
2026-02-12 12:56:55 [TestNG-tests-1] INFO  testCases.TC02_ShopSelectingCanada - ========== TC02_ShopSelectingCanada STARTED ==========
2026-02-12 12:56:55 [TestNG-tests-1] DEBUG testCases.TC02_ShopSelectingCanada - Initializing HomePage object
2026-02-12 12:56:55 [TestNG-tests-1] DEBUG testCases.TC02_ShopSelectingCanada - Clicking Country Dropdown
2026-02-12 12:57:00 [TestNG-tests-1] DEBUG testCases.TC02_ShopSelectingCanada - Scrolling and selecting country: Canada
2026-02-12 12:57:10 [TestNG-tests-1] DEBUG testCases.TC02_ShopSelectingCanada - Entering name: Rae
2026-02-12 12:57:11 [TestNG-tests-1] DEBUG testCases.TC02_ShopSelectingCanada - Selecting gender: female
2026-02-12 12:57:11 [TestNG-tests-1] DEBUG testCases.TC02_ShopSelectingCanada - Clicking 'Let's Shop'
2026-02-12 12:57:12 [TestNG-tests-1] DEBUG testCases.TC02_ShopSelectingCanada - Initializing ProductsPage object
2026-02-12 12:57:12 [TestNG-tests-1] DEBUG testCases.TC02_ShopSelectingCanada - Fetching Products Page Title
2026-02-12 12:57:13 [TestNG-tests-1] DEBUG testCases.TC02_ShopSelectingCanada - Actual Products Page Title: Products
2026-02-12 12:57:13 [TestNG-tests-1] INFO  testCases.TC02_ShopSelectingCanada - Validating Products page title
2026-02-12 12:57:13 [TestNG-tests-1] INFO  testCases.TC02_ShopSelectingCanada - Assertion Passed: Successfully navigated to Products page
2026-02-12 12:57:13 [TestNG-tests-1] INFO  testCases.TC02_ShopSelectingCanada - ========== TC02_ShopSelectingCanada COMPLETED ==========
]]></system-out>
  </testcase>
  <testcase name="LetsShopTest" classname="testCases.TC03_LetsShop" time="7.284">
    <system-out><![CDATA[2026-02-12 12:57:13 [TestNG-tests-1] INFO  testBase.BaseClass - ========== Test Teardown Started ==========
2026-02-12 12:57:14 [TestNG-tests-1] INFO  testBase.BaseClass - Driver quit successfully
2026-02-12 12:57:14 [TestNG-tests-1] INFO  testBase.BaseClass - ========== Test Setup Started ==========
2026-02-12 12:57:14 [TestNG-tests-1] DEBUG testBase.BaseClass - Loading config.properties from classpath
2026-02-12 12:57:14 [TestNG-tests-1] INFO  testBase.BaseClass - config.properties loaded successfully
2026-02-12 12:57:14 [TestNG-tests-1] DEBUG testBase.BaseClass - Appium Server URL: http://127.0.0.1:4723
2026-02-12 12:57:14 [TestNG-tests-1] DEBUG testBase.BaseClass - Device Name: emulator-5554
2026-02-12 12:57:14 [TestNG-tests-1] DEBUG testBase.BaseClass - App Path: /Users/raymondrohring/appium-workspace/MobileAutomationFramework/src/test/resources/General-Store.apk
2026-02-12 12:57:14 [TestNG-tests-1] DEBUG testBase.BaseClass - Chromedriver Path: /Users/raymondrohring/Downloads/chromedriver-mac-x64/chromedriver
2026-02-12 12:57:14 [TestNG-tests-1] INFO  testBase.BaseClass - Initializing AndroidDriver...
2026-02-12 12:57:17 [TestNG-tests-1] INFO  testBase.BaseClass - Driver initialized successfully
2026-02-12 12:57:17 [TestNG-tests-1] INFO  testCases.TC03_LetsShop - ========== TC03_LetsShop STARTED ==========
2026-02-12 12:57:17 [TestNG-tests-1] DEBUG testCases.TC03_LetsShop - Initializing HomePage object
2026-02-12 12:57:17 [TestNG-tests-1] DEBUG testCases.TC03_LetsShop - Entering name: Ray
2026-02-12 12:57:22 [TestNG-tests-1] DEBUG testCases.TC03_LetsShop - Selecting gender: male
2026-02-12 12:57:23 [TestNG-tests-1] DEBUG testCases.TC03_LetsShop - Clicking 'Let's Shop'
2026-02-12 12:57:23 [TestNG-tests-1] DEBUG testCases.TC03_LetsShop - Initializing ProductsPage object
2026-02-12 12:57:23 [TestNG-tests-1] DEBUG testCases.TC03_LetsShop - Fetching Products Page Title
2026-02-12 12:57:25 [TestNG-tests-1] DEBUG testCases.TC03_LetsShop - Actual Products Page Title: Products
2026-02-12 12:57:25 [TestNG-tests-1] INFO  testCases.TC03_LetsShop - Validating Products page title
2026-02-12 12:57:25 [TestNG-tests-1] INFO  testCases.TC03_LetsShop - Assertion Passed: Successfully navigated to Products page
2026-02-12 12:57:25 [TestNG-tests-1] INFO  testCases.TC03_LetsShop - ========== TC03_LetsShop COMPLETED ==========
]]></system-out>
  </testcase>
  <testcase name="AddToCartTest[Aruba, Ray, male, Converse All Star](1)" classname="testCases.TC04_AddToCart" time="17.502">
    <system-out><![CDATA[2026-02-12 12:57:25 [TestNG-tests-1] INFO  testBase.BaseClass - ========== Test Teardown Started ==========
2026-02-12 12:57:25 [TestNG-tests-1] INFO  testBase.BaseClass - Driver quit successfully
2026-02-12 12:57:25 [TestNG-tests-1] DEBUG org.apache.poi.openxml4j.opc.PackageRelationshipCollection - Parsing relationship: /xl/_rels/workbook.xml.rels
2026-02-12 12:57:25 [TestNG-tests-1] DEBUG org.apache.poi.openxml4j.opc.PackageRelationshipCollection - Parsing relationship: /xl/worksheets/_rels/sheet1.xml.rels
2026-02-12 12:57:25 [TestNG-tests-1] DEBUG org.apache.poi.openxml4j.opc.PackageRelationshipCollection - Parsing relationship: /_rels/.rels
2026-02-12 12:57:25 [TestNG-tests-1] DEBUG org.apache.poi.ooxml.POIXMLFactory - using default POIXMLDocumentPart for http://customschemas.google.com/relationships/workbookmetadata
2026-02-12 12:57:25 [TestNG-tests-1] DEBUG org.apache.poi.openxml4j.opc.PackageRelationshipCollection - Parsing relationship: /xl/_rels/workbook.xml.rels
2026-02-12 12:57:25 [TestNG-tests-1] DEBUG org.apache.poi.openxml4j.opc.PackageRelationshipCollection - Parsing relationship: /xl/worksheets/_rels/sheet1.xml.rels
2026-02-12 12:57:25 [TestNG-tests-1] DEBUG org.apache.poi.openxml4j.opc.PackageRelationshipCollection - Parsing relationship: /_rels/.rels
2026-02-12 12:57:25 [TestNG-tests-1] DEBUG org.apache.poi.ooxml.POIXMLFactory - using default POIXMLDocumentPart for http://customschemas.google.com/relationships/workbookmetadata
2026-02-12 12:57:25 [TestNG-tests-1] DEBUG org.apache.poi.openxml4j.opc.PackageRelationshipCollection - Parsing relationship: /xl/_rels/workbook.xml.rels
2026-02-12 12:57:25 [TestNG-tests-1] DEBUG org.apache.poi.openxml4j.opc.PackageRelationshipCollection - Parsing relationship: /xl/worksheets/_rels/sheet1.xml.rels
2026-02-12 12:57:25 [TestNG-tests-1] DEBUG org.apache.poi.openxml4j.opc.PackageRelationshipCollection - Parsing relationship: /_rels/.rels
2026-02-12 12:57:25 [TestNG-tests-1] DEBUG org.apache.poi.ooxml.POIXMLFactory - using default POIXMLDocumentPart for http://customschemas.google.com/relationships/workbookmetadata
2026-02-12 12:57:25 [TestNG-tests-1] DEBUG org.apache.poi.openxml4j.opc.PackageRelationshipCollection - Parsing relationship: /xl/_rels/workbook.xml.rels
2026-02-12 12:57:25 [TestNG-tests-1] DEBUG org.apache.poi.openxml4j.opc.PackageRelationshipCollection - Parsing relationship: /xl/worksheets/_rels/sheet1.xml.rels
2026-02-12 12:57:25 [TestNG-tests-1] DEBUG org.apache.poi.openxml4j.opc.PackageRelationshipCollection - Parsing relationship: /_rels/.rels
2026-02-12 12:57:25 [TestNG-tests-1] DEBUG org.apache.poi.ooxml.POIXMLFactory - using default POIXMLDocumentPart for http://customschemas.google.com/relationships/workbookmetadata
2026-02-12 12:57:25 [TestNG-tests-1] DEBUG org.apache.poi.openxml4j.opc.PackageRelationshipCollection - Parsing relationship: /xl/_rels/workbook.xml.rels
2026-02-12 12:57:25 [TestNG-tests-1] DEBUG org.apache.poi.openxml4j.opc.PackageRelationshipCollection - Parsing relationship: /xl/worksheets/_rels/sheet1.xml.rels
2026-02-12 12:57:25 [TestNG-tests-1] DEBUG org.apache.poi.openxml4j.opc.PackageRelationshipCollection - Parsing relationship: /_rels/.rels
2026-02-12 12:57:25 [TestNG-tests-1] DEBUG org.apache.poi.ooxml.POIXMLFactory - using default POIXMLDocumentPart for http://customschemas.google.com/relationships/workbookmetadata
2026-02-12 12:57:25 [TestNG-tests-1] DEBUG org.apache.poi.openxml4j.opc.PackageRelationshipCollection - Parsing relationship: /xl/_rels/workbook.xml.rels
2026-02-12 12:57:25 [TestNG-tests-1] DEBUG org.apache.poi.openxml4j.opc.PackageRelationshipCollection - Parsing relationship: /xl/worksheets/_rels/sheet1.xml.rels
2026-02-12 12:57:25 [TestNG-tests-1] DEBUG org.apache.poi.openxml4j.opc.PackageRelationshipCollection - Parsing relationship: /_rels/.rels
2026-02-12 12:57:25 [TestNG-tests-1] DEBUG org.apache.poi.ooxml.POIXMLFactory - using default POIXMLDocumentPart for http://customschemas.google.com/relationships/workbookmetadata
2026-02-12 12:57:25 [TestNG-tests-1] DEBUG org.apache.poi.openxml4j.opc.PackageRelationshipCollection - Parsing relationship: /xl/_rels/workbook.xml.rels
2026-02-12 12:57:25 [TestNG-tests-1] DEBUG org.apache.poi.openxml4j.opc.PackageRelationshipCollection - Parsing relationship: /xl/worksheets/_rels/sheet1.xml.rels
2026-02-12 12:57:25 [TestNG-tests-1] DEBUG org.apache.poi.openxml4j.opc.PackageRelationshipCollection - Parsing relationship: /_rels/.rels
2026-02-12 12:57:25 [TestNG-tests-1] DEBUG org.apache.poi.ooxml.POIXMLFactory - using default POIXMLDocumentPart for http://customschemas.google.com/relationships/workbookmetadata
2026-02-12 12:57:25 [TestNG-tests-1] DEBUG org.apache.poi.openxml4j.opc.PackageRelationshipCollection - Parsing relationship: /xl/_rels/workbook.xml.rels
2026-02-12 12:57:25 [TestNG-tests-1] DEBUG org.apache.poi.openxml4j.opc.PackageRelationshipCollection - Parsing relationship: /xl/worksheets/_rels/sheet1.xml.rels
2026-02-12 12:57:25 [TestNG-tests-1] DEBUG org.apache.poi.openxml4j.opc.PackageRelationshipCollection - Parsing relationship: /_rels/.rels
2026-02-12 12:57:25 [TestNG-tests-1] DEBUG org.apache.poi.ooxml.POIXMLFactory - using default POIXMLDocumentPart for http://customschemas.google.com/relationships/workbookmetadata
2026-02-12 12:57:25 [TestNG-tests-1] DEBUG org.apache.poi.openxml4j.opc.PackageRelationshipCollection - Parsing relationship: /xl/_rels/workbook.xml.rels
2026-02-12 12:57:25 [TestNG-tests-1] DEBUG org.apache.poi.openxml4j.opc.PackageRelationshipCollection - Parsing relationship: /xl/worksheets/_rels/sheet1.xml.rels
2026-02-12 12:57:25 [TestNG-tests-1] DEBUG org.apache.poi.openxml4j.opc.PackageRelationshipCollection - Parsing relationship: /_rels/.rels
2026-02-12 12:57:25 [TestNG-tests-1] DEBUG org.apache.poi.ooxml.POIXMLFactory - using default POIXMLDocumentPart for http://customschemas.google.com/relationships/workbookmetadata
2026-02-12 12:57:25 [TestNG-tests-1] DEBUG org.apache.poi.openxml4j.opc.PackageRelationshipCollection - Parsing relationship: /xl/_rels/workbook.xml.rels
2026-02-12 12:57:25 [TestNG-tests-1] DEBUG org.apache.poi.openxml4j.opc.PackageRelationshipCollection - Parsing relationship: /xl/worksheets/_rels/sheet1.xml.rels
2026-02-12 12:57:25 [TestNG-tests-1] DEBUG org.apache.poi.openxml4j.opc.PackageRelationshipCollection - Parsing relationship: /_rels/.rels
2026-02-12 12:57:25 [TestNG-tests-1] DEBUG org.apache.poi.ooxml.POIXMLFactory - using default POIXMLDocumentPart for http://customschemas.google.com/relationships/workbookmetadata
2026-02-12 12:57:25 [TestNG-tests-1] DEBUG org.apache.poi.openxml4j.opc.PackageRelationshipCollection - Parsing relationship: /xl/_rels/workbook.xml.rels
2026-02-12 12:57:25 [TestNG-tests-1] DEBUG org.apache.poi.openxml4j.opc.PackageRelationshipCollection - Parsing relationship: /xl/worksheets/_rels/sheet1.xml.rels
2026-02-12 12:57:25 [TestNG-tests-1] DEBUG org.apache.poi.openxml4j.opc.PackageRelationshipCollection - Parsing relationship: /_rels/.rels
2026-02-12 12:57:25 [TestNG-tests-1] DEBUG org.apache.poi.ooxml.POIXMLFactory - using default POIXMLDocumentPart for http://customschemas.google.com/relationships/workbookmetadata
2026-02-12 12:57:25 [TestNG-tests-1] DEBUG org.apache.poi.openxml4j.opc.PackageRelationshipCollection - Parsing relationship: /xl/_rels/workbook.xml.rels
2026-02-12 12:57:25 [TestNG-tests-1] DEBUG org.apache.poi.openxml4j.opc.PackageRelationshipCollection - Parsing relationship: /xl/worksheets/_rels/sheet1.xml.rels
2026-02-12 12:57:25 [TestNG-tests-1] DEBUG org.apache.poi.openxml4j.opc.PackageRelationshipCollection - Parsing relationship: /_rels/.rels
2026-02-12 12:57:25 [TestNG-tests-1] DEBUG org.apache.poi.ooxml.POIXMLFactory - using default POIXMLDocumentPart for http://customschemas.google.com/relationships/workbookmetadata
2026-02-12 12:57:25 [TestNG-tests-1] DEBUG org.apache.poi.openxml4j.opc.PackageRelationshipCollection - Parsing relationship: /xl/_rels/workbook.xml.rels
2026-02-12 12:57:25 [TestNG-tests-1] DEBUG org.apache.poi.openxml4j.opc.PackageRelationshipCollection - Parsing relationship: /xl/worksheets/_rels/sheet1.xml.rels
2026-02-12 12:57:25 [TestNG-tests-1] DEBUG org.apache.poi.openxml4j.opc.PackageRelationshipCollection - Parsing relationship: /_rels/.rels
2026-02-12 12:57:26 [TestNG-tests-1] DEBUG org.apache.poi.ooxml.POIXMLFactory - using default POIXMLDocumentPart for http://customschemas.google.com/relationships/workbookmetadata
2026-02-12 12:57:26 [TestNG-tests-1] DEBUG org.apache.poi.openxml4j.opc.PackageRelationshipCollection - Parsing relationship: /xl/_rels/workbook.xml.rels
2026-02-12 12:57:26 [TestNG-tests-1] DEBUG org.apache.poi.openxml4j.opc.PackageRelationshipCollection - Parsing relationship: /xl/worksheets/_rels/sheet1.xml.rels
2026-02-12 12:57:26 [TestNG-tests-1] DEBUG org.apache.poi.openxml4j.opc.PackageRelationshipCollection - Parsing relationship: /_rels/.rels
2026-02-12 12:57:26 [TestNG-tests-1] DEBUG org.apache.poi.ooxml.POIXMLFactory - using default POIXMLDocumentPart for http://customschemas.google.com/relationships/workbookmetadata
2026-02-12 12:57:26 [TestNG-tests-1] DEBUG org.apache.poi.openxml4j.opc.PackageRelationshipCollection - Parsing relationship: /xl/_rels/workbook.xml.rels
2026-02-12 12:57:26 [TestNG-tests-1] DEBUG org.apache.poi.openxml4j.opc.PackageRelationshipCollection - Parsing relationship: /xl/worksheets/_rels/sheet1.xml.rels
2026-02-12 12:57:26 [TestNG-tests-1] DEBUG org.apache.poi.openxml4j.opc.PackageRelationshipCollection - Parsing relationship: /_rels/.rels
2026-02-12 12:57:26 [TestNG-tests-1] DEBUG org.apache.poi.ooxml.POIXMLFactory - using default POIXMLDocumentPart for http://customschemas.google.com/relationships/workbookmetadata
2026-02-12 12:57:26 [TestNG-tests-1] DEBUG org.apache.poi.openxml4j.opc.PackageRelationshipCollection - Parsing relationship: /xl/_rels/workbook.xml.rels
2026-02-12 12:57:26 [TestNG-tests-1] DEBUG org.apache.poi.openxml4j.opc.PackageRelationshipCollection - Parsing relationship: /xl/worksheets/_rels/sheet1.xml.rels
2026-02-12 12:57:26 [TestNG-tests-1] DEBUG org.apache.poi.openxml4j.opc.PackageRelationshipCollection - Parsing relationship: /_rels/.rels
2026-02-12 12:57:26 [TestNG-tests-1] DEBUG org.apache.poi.ooxml.POIXMLFactory - using default POIXMLDocumentPart for http://customschemas.google.com/relationships/workbookmetadata
2026-02-12 12:57:26 [TestNG-tests-1] DEBUG org.apache.poi.openxml4j.opc.PackageRelationshipCollection - Parsing relationship: /xl/_rels/workbook.xml.rels
2026-02-12 12:57:26 [TestNG-tests-1] DEBUG org.apache.poi.openxml4j.opc.PackageRelationshipCollection - Parsing relationship: /xl/worksheets/_rels/sheet1.xml.rels
2026-02-12 12:57:26 [TestNG-tests-1] DEBUG org.apache.poi.openxml4j.opc.PackageRelationshipCollection - Parsing relationship: /_rels/.rels
2026-02-12 12:57:26 [TestNG-tests-1] DEBUG org.apache.poi.ooxml.POIXMLFactory - using default POIXMLDocumentPart for http://customschemas.google.com/relationships/workbookmetadata
2026-02-12 12:57:26 [TestNG-tests-1] DEBUG org.apache.poi.openxml4j.opc.PackageRelationshipCollection - Parsing relationship: /xl/_rels/workbook.xml.rels
2026-02-12 12:57:26 [TestNG-tests-1] DEBUG org.apache.poi.openxml4j.opc.PackageRelationshipCollection - Parsing relationship: /xl/worksheets/_rels/sheet1.xml.rels
2026-02-12 12:57:26 [TestNG-tests-1] DEBUG org.apache.poi.openxml4j.opc.PackageRelationshipCollection - Parsing relationship: /_rels/.rels
2026-02-12 12:57:26 [TestNG-tests-1] DEBUG org.apache.poi.ooxml.POIXMLFactory - using default POIXMLDocumentPart for http://customschemas.google.com/relationships/workbookmetadata
2026-02-12 12:57:26 [TestNG-tests-1] DEBUG org.apache.poi.openxml4j.opc.PackageRelationshipCollection - Parsing relationship: /xl/_rels/workbook.xml.rels
2026-02-12 12:57:26 [TestNG-tests-1] DEBUG org.apache.poi.openxml4j.opc.PackageRelationshipCollection - Parsing relationship: /xl/worksheets/_rels/sheet1.xml.rels
2026-02-12 12:57:26 [TestNG-tests-1] DEBUG org.apache.poi.openxml4j.opc.PackageRelationshipCollection - Parsing relationship: /_rels/.rels
2026-02-12 12:57:26 [TestNG-tests-1] DEBUG org.apache.poi.ooxml.POIXMLFactory - using default POIXMLDocumentPart for http://customschemas.google.com/relationships/workbookmetadata
2026-02-12 12:57:26 [TestNG-tests-1] DEBUG org.apache.poi.openxml4j.opc.PackageRelationshipCollection - Parsing relationship: /xl/_rels/workbook.xml.rels
2026-02-12 12:57:26 [TestNG-tests-1] DEBUG org.apache.poi.openxml4j.opc.PackageRelationshipCollection - Parsing relationship: /xl/worksheets/_rels/sheet1.xml.rels
2026-02-12 12:57:26 [TestNG-tests-1] DEBUG org.apache.poi.openxml4j.opc.PackageRelationshipCollection - Parsing relationship: /_rels/.rels
2026-02-12 12:57:26 [TestNG-tests-1] DEBUG org.apache.poi.ooxml.POIXMLFactory - using default POIXMLDocumentPart for http://customschemas.google.com/relationships/workbookmetadata
2026-02-12 12:57:26 [TestNG-tests-1] DEBUG org.apache.poi.openxml4j.opc.PackageRelationshipCollection - Parsing relationship: /xl/_rels/workbook.xml.rels
2026-02-12 12:57:26 [TestNG-tests-1] DEBUG org.apache.poi.openxml4j.opc.PackageRelationshipCollection - Parsing relationship: /xl/worksheets/_rels/sheet1.xml.rels
2026-02-12 12:57:26 [TestNG-tests-1] DEBUG org.apache.poi.openxml4j.opc.PackageRelationshipCollection - Parsing relationship: /_rels/.rels
2026-02-12 12:57:26 [TestNG-tests-1] DEBUG org.apache.poi.ooxml.POIXMLFactory - using default POIXMLDocumentPart for http://customschemas.google.com/relationships/workbookmetadata
2026-02-12 12:57:26 [TestNG-tests-1] DEBUG org.apache.poi.openxml4j.opc.PackageRelationshipCollection - Parsing relationship: /xl/_rels/workbook.xml.rels
2026-02-12 12:57:26 [TestNG-tests-1] DEBUG org.apache.poi.openxml4j.opc.PackageRelationshipCollection - Parsing relationship: /xl/worksheets/_rels/sheet1.xml.rels
2026-02-12 12:57:26 [TestNG-tests-1] DEBUG org.apache.poi.openxml4j.opc.PackageRelationshipCollection - Parsing relationship: /_rels/.rels
2026-02-12 12:57:26 [TestNG-tests-1] DEBUG org.apache.poi.ooxml.POIXMLFactory - using default POIXMLDocumentPart for http://customschemas.google.com/relationships/workbookmetadata
2026-02-12 12:57:26 [TestNG-tests-1] DEBUG org.apache.poi.openxml4j.opc.PackageRelationshipCollection - Parsing relationship: /xl/_rels/workbook.xml.rels
2026-02-12 12:57:26 [TestNG-tests-1] DEBUG org.apache.poi.openxml4j.opc.PackageRelationshipCollection - Parsing relationship: /xl/worksheets/_rels/sheet1.xml.rels
2026-02-12 12:57:26 [TestNG-tests-1] DEBUG org.apache.poi.openxml4j.opc.PackageRelationshipCollection - Parsing relationship: /_rels/.rels
2026-02-12 12:57:26 [TestNG-tests-1] DEBUG org.apache.poi.ooxml.POIXMLFactory - using default POIXMLDocumentPart for http://customschemas.google.com/relationships/workbookmetadata
2026-02-12 12:57:26 [TestNG-tests-1] DEBUG org.apache.poi.openxml4j.opc.PackageRelationshipCollection - Parsing relationship: /xl/_rels/workbook.xml.rels
2026-02-12 12:57:26 [TestNG-tests-1] DEBUG org.apache.poi.openxml4j.opc.PackageRelationshipCollection - Parsing relationship: /xl/worksheets/_rels/sheet1.xml.rels
2026-02-12 12:57:26 [TestNG-tests-1] DEBUG org.apache.poi.openxml4j.opc.PackageRelationshipCollection - Parsing relationship: /_rels/.rels
2026-02-12 12:57:26 [TestNG-tests-1] DEBUG org.apache.poi.ooxml.POIXMLFactory - using default POIXMLDocumentPart for http://customschemas.google.com/relationships/workbookmetadata
2026-02-12 12:57:26 [TestNG-tests-1] DEBUG org.apache.poi.openxml4j.opc.PackageRelationshipCollection - Parsing relationship: /xl/_rels/workbook.xml.rels
2026-02-12 12:57:26 [TestNG-tests-1] DEBUG org.apache.poi.openxml4j.opc.PackageRelationshipCollection - Parsing relationship: /xl/worksheets/_rels/sheet1.xml.rels
2026-02-12 12:57:26 [TestNG-tests-1] DEBUG org.apache.poi.openxml4j.opc.PackageRelationshipCollection - Parsing relationship: /_rels/.rels
2026-02-12 12:57:26 [TestNG-tests-1] DEBUG org.apache.poi.ooxml.POIXMLFactory - using default POIXMLDocumentPart for http://customschemas.google.com/relationships/workbookmetadata
2026-02-12 12:57:26 [TestNG-tests-1] DEBUG org.apache.poi.openxml4j.opc.PackageRelationshipCollection - Parsing relationship: /xl/_rels/workbook.xml.rels
2026-02-12 12:57:26 [TestNG-tests-1] DEBUG org.apache.poi.openxml4j.opc.PackageRelationshipCollection - Parsing relationship: /xl/worksheets/_rels/sheet1.xml.rels
2026-02-12 12:57:26 [TestNG-tests-1] DEBUG org.apache.poi.openxml4j.opc.PackageRelationshipCollection - Parsing relationship: /_rels/.rels
2026-02-12 12:57:26 [TestNG-tests-1] DEBUG org.apache.poi.ooxml.POIXMLFactory - using default POIXMLDocumentPart for http://customschemas.google.com/relationships/workbookmetadata
2026-02-12 12:57:26 [TestNG-tests-1] INFO  testBase.BaseClass - ========== Test Setup Started ==========
2026-02-12 12:57:26 [TestNG-tests-1] DEBUG testBase.BaseClass - Loading config.properties from classpath
2026-02-12 12:57:26 [TestNG-tests-1] INFO  testBase.BaseClass - config.properties loaded successfully
2026-02-12 12:57:26 [TestNG-tests-1] DEBUG testBase.BaseClass - Appium Server URL: http://127.0.0.1:4723
2026-02-12 12:57:26 [TestNG-tests-1] DEBUG testBase.BaseClass - Device Name: emulator-5554
2026-02-12 12:57:26 [TestNG-tests-1] DEBUG testBase.BaseClass - App Path: /Users/raymondrohring/appium-workspace/MobileAutomationFramework/src/test/resources/General-Store.apk
2026-02-12 12:57:26 [TestNG-tests-1] DEBUG testBase.BaseClass - Chromedriver Path: /Users/raymondrohring/Downloads/chromedriver-mac-x64/chromedriver
2026-02-12 12:57:26 [TestNG-tests-1] INFO  testBase.BaseClass - Initializing AndroidDriver...
2026-02-12 12:57:29 [TestNG-tests-1] INFO  testBase.BaseClass - Driver initialized successfully
2026-02-12 12:57:29 [TestNG-tests-1] INFO  testCases.TC04_AddToCart - ========== TC04_AddToCart STARTED ==========
2026-02-12 12:57:29 [TestNG-tests-1] DEBUG testCases.TC04_AddToCart - Product to be added to cart: Converse All Star
2026-02-12 12:57:29 [TestNG-tests-1] DEBUG testCases.TC04_AddToCart - Initializing HomePage object
2026-02-12 12:57:29 [TestNG-tests-1] DEBUG testCases.TC04_AddToCart - Clicking Country Dropdown
2026-02-12 12:57:33 [TestNG-tests-1] DEBUG testCases.TC04_AddToCart - Scrolling and selecting country: Aruba
2026-02-12 12:57:38 [TestNG-tests-1] DEBUG testCases.TC04_AddToCart - Entering name: Ray
2026-02-12 12:57:39 [TestNG-tests-1] DEBUG testCases.TC04_AddToCart - Selecting gender: male
2026-02-12 12:57:39 [TestNG-tests-1] DEBUG testCases.TC04_AddToCart - Clicking 'Let's Shop'
2026-02-12 12:57:40 [TestNG-tests-1] DEBUG testCases.TC04_AddToCart - Initializing ProductsPage object
2026-02-12 12:57:40 [TestNG-tests-1] DEBUG testCases.TC04_AddToCart - Scrolling to product: Converse All Star
2026-02-12 12:57:45 [TestNG-tests-1] DEBUG testCases.TC04_AddToCart - Clicking 'Add to Cart' for product: Converse All Star
2026-02-12 12:57:45 [TestNG-tests-1] DEBUG testCases.TC04_AddToCart - Clicking Cart button
2026-02-12 12:57:45 [TestNG-tests-1] DEBUG testCases.TC04_AddToCart - Initializing CartPage object
2026-02-12 12:57:45 [TestNG-tests-1] DEBUG testCases.TC04_AddToCart - Fetching product name from Cart page
2026-02-12 12:57:47 [TestNG-tests-1] DEBUG testCases.TC04_AddToCart - Product found in cart: Converse All Star
2026-02-12 12:57:47 [TestNG-tests-1] INFO  testCases.TC04_AddToCart - Validating product added to cart
2026-02-12 12:57:47 [TestNG-tests-1] INFO  testCases.TC04_AddToCart - Assertion Passed: Correct product added to cart
2026-02-12 12:57:47 [TestNG-tests-1] INFO  testCases.TC04_AddToCart - ========== TC04_AddToCart COMPLETED ==========
]]></system-out>
  </testcase>
  <testcase name="AddToCartTest[Australia, Bluey, female, PG 3](2)" classname="testCases.TC04_AddToCart" time="22.347">
    <system-out><![CDATA[2026-02-12 12:57:47 [TestNG-tests-1] INFO  testBase.BaseClass - ========== Test Teardown Started ==========
2026-02-12 12:57:47 [TestNG-tests-1] INFO  testBase.BaseClass - Driver quit successfully
2026-02-12 12:57:47 [TestNG-tests-1] INFO  testBase.BaseClass - ========== Test Setup Started ==========
2026-02-12 12:57:47 [TestNG-tests-1] DEBUG testBase.BaseClass - Loading config.properties from classpath
2026-02-12 12:57:47 [TestNG-tests-1] INFO  testBase.BaseClass - config.properties loaded successfully
2026-02-12 12:57:47 [TestNG-tests-1] DEBUG testBase.BaseClass - Appium Server URL: http://127.0.0.1:4723
2026-02-12 12:57:47 [TestNG-tests-1] DEBUG testBase.BaseClass - Device Name: emulator-5554
2026-02-12 12:57:47 [TestNG-tests-1] DEBUG testBase.BaseClass - App Path: /Users/raymondrohring/appium-workspace/MobileAutomationFramework/src/test/resources/General-Store.apk
2026-02-12 12:57:47 [TestNG-tests-1] DEBUG testBase.BaseClass - Chromedriver Path: /Users/raymondrohring/Downloads/chromedriver-mac-x64/chromedriver
2026-02-12 12:57:47 [TestNG-tests-1] INFO  testBase.BaseClass - Initializing AndroidDriver...
2026-02-12 12:57:50 [TestNG-tests-1] INFO  testBase.BaseClass - Driver initialized successfully
2026-02-12 12:57:50 [TestNG-tests-1] INFO  testCases.TC04_AddToCart - ========== TC04_AddToCart STARTED ==========
2026-02-12 12:57:50 [TestNG-tests-1] DEBUG testCases.TC04_AddToCart - Product to be added to cart: PG 3
2026-02-12 12:57:50 [TestNG-tests-1] DEBUG testCases.TC04_AddToCart - Initializing HomePage object
2026-02-12 12:57:50 [TestNG-tests-1] DEBUG testCases.TC04_AddToCart - Clicking Country Dropdown
2026-02-12 12:57:55 [TestNG-tests-1] DEBUG testCases.TC04_AddToCart - Scrolling and selecting country: Australia
2026-02-12 12:58:00 [TestNG-tests-1] DEBUG testCases.TC04_AddToCart - Entering name: Bluey
2026-02-12 12:58:00 [TestNG-tests-1] DEBUG testCases.TC04_AddToCart - Selecting gender: female
2026-02-12 12:58:01 [TestNG-tests-1] DEBUG testCases.TC04_AddToCart - Clicking 'Let's Shop'
2026-02-12 12:58:01 [TestNG-tests-1] DEBUG testCases.TC04_AddToCart - Initializing ProductsPage object
2026-02-12 12:58:01 [TestNG-tests-1] DEBUG testCases.TC04_AddToCart - Scrolling to product: PG 3
2026-02-12 12:58:10 [TestNG-tests-1] DEBUG testCases.TC04_AddToCart - Clicking 'Add to Cart' for product: PG 3
2026-02-12 12:58:10 [TestNG-tests-1] DEBUG testCases.TC04_AddToCart - Clicking Cart button
2026-02-12 12:58:12 [TestNG-tests-1] DEBUG testCases.TC04_AddToCart - Initializing CartPage object
2026-02-12 12:58:12 [TestNG-tests-1] DEBUG testCases.TC04_AddToCart - Fetching product name from Cart page
2026-02-12 12:58:13 [TestNG-tests-1] DEBUG testCases.TC04_AddToCart - Product found in cart: PG 3
2026-02-12 12:58:13 [TestNG-tests-1] INFO  testCases.TC04_AddToCart - Validating product added to cart
2026-02-12 12:58:13 [TestNG-tests-1] INFO  testCases.TC04_AddToCart - Assertion Passed: Correct product added to cart
2026-02-12 12:58:13 [TestNG-tests-1] INFO  testCases.TC04_AddToCart - ========== TC04_AddToCart COMPLETED ==========
]]></system-out>
  </testcase>
  <testcase name="AddToCartTest[Brazil, Christ the Redeemer, male, LeBron Soldier 12 ](3)" classname="testCases.TC04_AddToCart" time="25.044">
    <system-out><![CDATA[2026-02-12 12:58:13 [TestNG-tests-1] INFO  testBase.BaseClass - ========== Test Teardown Started ==========
2026-02-12 12:58:13 [TestNG-tests-1] INFO  testBase.BaseClass - Driver quit successfully
2026-02-12 12:58:13 [TestNG-tests-1] INFO  testBase.BaseClass - ========== Test Setup Started ==========
2026-02-12 12:58:13 [TestNG-tests-1] DEBUG testBase.BaseClass - Loading config.properties from classpath
2026-02-12 12:58:13 [TestNG-tests-1] INFO  testBase.BaseClass - config.properties loaded successfully
2026-02-12 12:58:13 [TestNG-tests-1] DEBUG testBase.BaseClass - Appium Server URL: http://127.0.0.1:4723
2026-02-12 12:58:13 [TestNG-tests-1] DEBUG testBase.BaseClass - Device Name: emulator-5554
2026-02-12 12:58:13 [TestNG-tests-1] DEBUG testBase.BaseClass - App Path: /Users/raymondrohring/appium-workspace/MobileAutomationFramework/src/test/resources/General-Store.apk
2026-02-12 12:58:13 [TestNG-tests-1] DEBUG testBase.BaseClass - Chromedriver Path: /Users/raymondrohring/Downloads/chromedriver-mac-x64/chromedriver
2026-02-12 12:58:13 [TestNG-tests-1] INFO  testBase.BaseClass - Initializing AndroidDriver...
2026-02-12 12:58:16 [TestNG-tests-1] INFO  testBase.BaseClass - Driver initialized successfully
2026-02-12 12:58:16 [TestNG-tests-1] INFO  testCases.TC04_AddToCart - ========== TC04_AddToCart STARTED ==========
2026-02-12 12:58:16 [TestNG-tests-1] DEBUG testCases.TC04_AddToCart - Product to be added to cart: LeBron Soldier 12 
2026-02-12 12:58:16 [TestNG-tests-1] DEBUG testCases.TC04_AddToCart - Initializing HomePage object
2026-02-12 12:58:16 [TestNG-tests-1] DEBUG testCases.TC04_AddToCart - Clicking Country Dropdown
2026-02-12 12:58:21 [TestNG-tests-1] DEBUG testCases.TC04_AddToCart - Scrolling and selecting country: Brazil
2026-02-12 12:58:30 [TestNG-tests-1] DEBUG testCases.TC04_AddToCart - Entering name: Christ the Redeemer
2026-02-12 12:58:30 [TestNG-tests-1] DEBUG testCases.TC04_AddToCart - Selecting gender: male
2026-02-12 12:58:31 [TestNG-tests-1] DEBUG testCases.TC04_AddToCart - Clicking 'Let's Shop'
2026-02-12 12:58:31 [TestNG-tests-1] DEBUG testCases.TC04_AddToCart - Initializing ProductsPage object
2026-02-12 12:58:31 [TestNG-tests-1] DEBUG testCases.TC04_AddToCart - Scrolling to product: LeBron Soldier 12 
2026-02-12 12:58:39 [TestNG-tests-1] DEBUG testCases.TC04_AddToCart - Clicking 'Add to Cart' for product: LeBron Soldier 12 
2026-02-12 12:58:40 [TestNG-tests-1] DEBUG testCases.TC04_AddToCart - Clicking Cart button
2026-02-12 12:58:40 [TestNG-tests-1] DEBUG testCases.TC04_AddToCart - Initializing CartPage object
2026-02-12 12:58:40 [TestNG-tests-1] DEBUG testCases.TC04_AddToCart - Fetching product name from Cart page
2026-02-12 12:58:42 [TestNG-tests-1] DEBUG testCases.TC04_AddToCart - Product found in cart: LeBron Soldier 12 
2026-02-12 12:58:42 [TestNG-tests-1] INFO  testCases.TC04_AddToCart - Validating product added to cart
2026-02-12 12:58:42 [TestNG-tests-1] INFO  testCases.TC04_AddToCart - Assertion Passed: Correct product added to cart
2026-02-12 12:58:42 [TestNG-tests-1] INFO  testCases.TC04_AddToCart - ========== TC04_AddToCart COMPLETED ==========
]]></system-out>
  </testcase>
  <testcase name="AddToCartTest[Canada, Rae, female, Air Jordan 9 Retro](4)" classname="testCases.TC04_AddToCart" time="23.335">
    <system-out><![CDATA[2026-02-12 12:58:42 [TestNG-tests-1] INFO  testBase.BaseClass - ========== Test Teardown Started ==========
2026-02-12 12:58:42 [TestNG-tests-1] INFO  testBase.BaseClass - Driver quit successfully
2026-02-12 12:58:42 [TestNG-tests-1] INFO  testBase.BaseClass - ========== Test Setup Started ==========
2026-02-12 12:58:42 [TestNG-tests-1] DEBUG testBase.BaseClass - Loading config.properties from classpath
2026-02-12 12:58:42 [TestNG-tests-1] INFO  testBase.BaseClass - config.properties loaded successfully
2026-02-12 12:58:42 [TestNG-tests-1] DEBUG testBase.BaseClass - Appium Server URL: http://127.0.0.1:4723
2026-02-12 12:58:42 [TestNG-tests-1] DEBUG testBase.BaseClass - Device Name: emulator-5554
2026-02-12 12:58:42 [TestNG-tests-1] DEBUG testBase.BaseClass - App Path: /Users/raymondrohring/appium-workspace/MobileAutomationFramework/src/test/resources/General-Store.apk
2026-02-12 12:58:42 [TestNG-tests-1] DEBUG testBase.BaseClass - Chromedriver Path: /Users/raymondrohring/Downloads/chromedriver-mac-x64/chromedriver
2026-02-12 12:58:42 [TestNG-tests-1] INFO  testBase.BaseClass - Initializing AndroidDriver...
2026-02-12 12:58:45 [TestNG-tests-1] INFO  testBase.BaseClass - Driver initialized successfully
2026-02-12 12:58:45 [TestNG-tests-1] INFO  testCases.TC04_AddToCart - ========== TC04_AddToCart STARTED ==========
2026-02-12 12:58:45 [TestNG-tests-1] DEBUG testCases.TC04_AddToCart - Product to be added to cart: Air Jordan 9 Retro
2026-02-12 12:58:45 [TestNG-tests-1] DEBUG testCases.TC04_AddToCart - Initializing HomePage object
2026-02-12 12:58:45 [TestNG-tests-1] DEBUG testCases.TC04_AddToCart - Clicking Country Dropdown
2026-02-12 12:58:50 [TestNG-tests-1] DEBUG testCases.TC04_AddToCart - Scrolling and selecting country: Canada
2026-02-12 12:59:00 [TestNG-tests-1] DEBUG testCases.TC04_AddToCart - Entering name: Rae
2026-02-12 12:59:01 [TestNG-tests-1] DEBUG testCases.TC04_AddToCart - Selecting gender: female
2026-02-12 12:59:01 [TestNG-tests-1] DEBUG testCases.TC04_AddToCart - Clicking 'Let's Shop'
2026-02-12 12:59:02 [TestNG-tests-1] DEBUG testCases.TC04_AddToCart - Initializing ProductsPage object
2026-02-12 12:59:02 [TestNG-tests-1] DEBUG testCases.TC04_AddToCart - Scrolling to product: Air Jordan 9 Retro
2026-02-12 12:59:07 [TestNG-tests-1] DEBUG testCases.TC04_AddToCart - Clicking 'Add to Cart' for product: Air Jordan 9 Retro
2026-02-12 12:59:07 [TestNG-tests-1] DEBUG testCases.TC04_AddToCart - Clicking Cart button
2026-02-12 12:59:07 [TestNG-tests-1] DEBUG testCases.TC04_AddToCart - Initializing CartPage object
2026-02-12 12:59:07 [TestNG-tests-1] DEBUG testCases.TC04_AddToCart - Fetching product name from Cart page
2026-02-12 12:59:08 [TestNG-tests-1] DEBUG testCases.TC04_AddToCart - Product found in cart: Air Jordan 9 Retro
2026-02-12 12:59:08 [TestNG-tests-1] INFO  testCases.TC04_AddToCart - Validating product added to cart
2026-02-12 12:59:08 [TestNG-tests-1] INFO  testCases.TC04_AddToCart - Assertion Passed: Correct product added to cart
2026-02-12 12:59:08 [TestNG-tests-1] INFO  testCases.TC04_AddToCart - ========== TC04_AddToCart COMPLETED ==========
]]></system-out>
  </testcase>
  <testcase name="AddToCartTest[China, Lu Bai, female, Jordan Lift Off](5)" classname="testCases.TC04_AddToCart" time="0.0">
    <skipped message="expected [Jordan Lift Off] but found [Jordan 6 Rings]"/>
    <system-out><![CDATA[2026-02-12 12:59:08 [TestNG-tests-1] INFO  testBase.BaseClass - ========== Test Teardown Started ==========
2026-02-12 12:59:09 [TestNG-tests-1] INFO  testBase.BaseClass - Driver quit successfully
2026-02-12 12:59:09 [TestNG-tests-1] INFO  testBase.BaseClass - ========== Test Setup Started ==========
2026-02-12 12:59:09 [TestNG-tests-1] DEBUG testBase.BaseClass - Loading config.properties from classpath
2026-02-12 12:59:09 [TestNG-tests-1] INFO  testBase.BaseClass - config.properties loaded successfully
2026-02-12 12:59:09 [TestNG-tests-1] DEBUG testBase.BaseClass - Appium Server URL: http://127.0.0.1:4723
2026-02-12 12:59:09 [TestNG-tests-1] DEBUG testBase.BaseClass - Device Name: emulator-5554
2026-02-12 12:59:09 [TestNG-tests-1] DEBUG testBase.BaseClass - App Path: /Users/raymondrohring/appium-workspace/MobileAutomationFramework/src/test/resources/General-Store.apk
2026-02-12 12:59:09 [TestNG-tests-1] DEBUG testBase.BaseClass - Chromedriver Path: /Users/raymondrohring/Downloads/chromedriver-mac-x64/chromedriver
2026-02-12 12:59:09 [TestNG-tests-1] INFO  testBase.BaseClass - Initializing AndroidDriver...
2026-02-12 12:59:12 [TestNG-tests-1] INFO  testBase.BaseClass - Driver initialized successfully
2026-02-12 12:59:12 [TestNG-tests-1] INFO  testCases.TC04_AddToCart - ========== TC04_AddToCart STARTED ==========
2026-02-12 12:59:12 [TestNG-tests-1] DEBUG testCases.TC04_AddToCart - Product to be added to cart: Jordan Lift Off
2026-02-12 12:59:12 [TestNG-tests-1] DEBUG testCases.TC04_AddToCart - Initializing HomePage object
2026-02-12 12:59:12 [TestNG-tests-1] DEBUG testCases.TC04_AddToCart - Clicking Country Dropdown
2026-02-12 12:59:17 [TestNG-tests-1] DEBUG testCases.TC04_AddToCart - Scrolling and selecting country: China
2026-02-12 12:59:27 [TestNG-tests-1] DEBUG testCases.TC04_AddToCart - Entering name: Lu Bai
2026-02-12 12:59:27 [TestNG-tests-1] DEBUG testCases.TC04_AddToCart - Selecting gender: female
2026-02-12 12:59:28 [TestNG-tests-1] DEBUG testCases.TC04_AddToCart - Clicking 'Let's Shop'
2026-02-12 12:59:29 [TestNG-tests-1] DEBUG testCases.TC04_AddToCart - Initializing ProductsPage object
2026-02-12 12:59:29 [TestNG-tests-1] DEBUG testCases.TC04_AddToCart - Scrolling to product: Jordan Lift Off
2026-02-12 12:59:35 [TestNG-tests-1] DEBUG testCases.TC04_AddToCart - Clicking 'Add to Cart' for product: Jordan Lift Off
2026-02-12 12:59:36 [TestNG-tests-1] DEBUG testCases.TC04_AddToCart - Clicking Cart button
2026-02-12 12:59:36 [TestNG-tests-1] DEBUG testCases.TC04_AddToCart - Initializing CartPage object
2026-02-12 12:59:36 [TestNG-tests-1] DEBUG testCases.TC04_AddToCart - Fetching product name from Cart page
2026-02-12 12:59:37 [TestNG-tests-1] DEBUG testCases.TC04_AddToCart - Product found in cart: Jordan 6 Rings
2026-02-12 12:59:37 [TestNG-tests-1] INFO  testCases.TC04_AddToCart - Validating product added to cart
2026-02-12 12:59:37 [TestNG-tests-1] ERROR testCases.TC04_AddToCart - Assertion Failed in AddToCartTest
java.lang.AssertionError: expected [Jordan Lift Off] but found [Jordan 6 Rings]
	at org.testng.Assert.fail(Assert.java:111)
	at org.testng.Assert.failNotEquals(Assert.java:1590)
	at org.testng.Assert.assertEqualsImpl(Assert.java:150)
	at org.testng.Assert.assertEquals(Assert.java:132)
	at org.testng.Assert.assertEquals(Assert.java:656)
	at org.testng.Assert.assertEquals(Assert.java:666)
	at testCases.TC04_AddToCart.AddToCartTest(TC04_AddToCart.java:71)
	at java.base/jdk.internal.reflect.DirectMethodHandleAccessor.invoke(DirectMethodHandleAccessor.java:103)
	at java.base/java.lang.reflect.Method.invoke(Method.java:580)
	at org.testng.internal.invokers.MethodInvocationHelper.invokeMethod(MethodInvocationHelper.java:141)
	at org.testng.internal.invokers.TestInvoker.invokeMethod(TestInvoker.java:687)
	at org.testng.internal.invokers.TestInvoker.invokeTestMethod(TestInvoker.java:230)
	at org.testng.internal.invokers.MethodRunner.runInSequence(MethodRunner.java:63)
	at org.testng.internal.invokers.TestInvoker$MethodInvocationAgent.invoke(TestInvoker.java:995)
	at org.testng.internal.invokers.TestInvoker.invokeTestMethods(TestInvoker.java:203)
	at org.testng.internal.invokers.TestMethodWorker.invokeTestMethods(TestMethodWorker.java:154)
	at org.testng.internal.invokers.TestMethodWorker.run(TestMethodWorker.java:134)
	at java.base/java.util.ArrayList.forEach(ArrayList.java:1596)
	at org.testng.TestRunner.privateRun(TestRunner.java:741)
	at org.testng.TestRunner.run(TestRunner.java:616)
	at org.testng.SuiteRunner.runTest(SuiteRunner.java:421)
	at org.testng.SuiteRunner$SuiteWorker.run(SuiteRunner.java:463)
	at org.testng.internal.thread.ThreadUtil.lambda$execute$0(ThreadUtil.java:64)
	at java.base/java.util.concurrent.FutureTask.run(FutureTask.java:317)
	at java.base/java.util.concurrent.ThreadPoolExecutor.runWorker(ThreadPoolExecutor.java:1144)
	at java.base/java.util.concurrent.ThreadPoolExecutor$Worker.run(ThreadPoolExecutor.java:642)
	at java.base/java.lang.Thread.run(Thread.java:1583)
2026-02-12 12:59:37 [TestNG-tests-1] DEBUG testBase.BaseClass - Capturing screenshot for test: AddToCartTest
2026-02-12 12:59:37 [TestNG-tests-1] INFO  testBase.BaseClass - Screenshot captured: /Users/raymondrohring/appium-workspace/MobileAutomationFramework/screenshots/AddToCartTest_20260212125937.png
2026-02-12 12:59:37 [TestNG-tests-1] INFO  testCases.TC04_AddToCart - Screenshot captured at: /Users/raymondrohring/appium-workspace/MobileAutomationFramework/screenshots/AddToCartTest_20260212125937.png
2026-02-12 12:59:37 [TestNG-tests-1] WARN  utilities.RetryAnalyzer - Retrying test: AddToCartTest | Attempt: 1
]]></system-out>
  </testcase>
  <testcase name="AddToCartTest[China, Lu Bai, female, Jordan Lift Off](6)" classname="testCases.TC04_AddToCart" time="25.087">
    <system-out><![CDATA[2026-02-12 12:59:37 [TestNG-tests-1] INFO  testBase.BaseClass - ========== Test Teardown Started ==========
2026-02-12 12:59:38 [TestNG-tests-1] INFO  testBase.BaseClass - Driver quit successfully
2026-02-12 12:59:38 [TestNG-tests-1] INFO  testBase.BaseClass - ========== Test Setup Started ==========
2026-02-12 12:59:38 [TestNG-tests-1] DEBUG testBase.BaseClass - Loading config.properties from classpath
2026-02-12 12:59:38 [TestNG-tests-1] INFO  testBase.BaseClass - config.properties loaded successfully
2026-02-12 12:59:38 [TestNG-tests-1] DEBUG testBase.BaseClass - Appium Server URL: http://127.0.0.1:4723
2026-02-12 12:59:38 [TestNG-tests-1] DEBUG testBase.BaseClass - Device Name: emulator-5554
2026-02-12 12:59:38 [TestNG-tests-1] DEBUG testBase.BaseClass - App Path: /Users/raymondrohring/appium-workspace/MobileAutomationFramework/src/test/resources/General-Store.apk
2026-02-12 12:59:38 [TestNG-tests-1] DEBUG testBase.BaseClass - Chromedriver Path: /Users/raymondrohring/Downloads/chromedriver-mac-x64/chromedriver
2026-02-12 12:59:38 [TestNG-tests-1] INFO  testBase.BaseClass - Initializing AndroidDriver...
2026-02-12 12:59:41 [TestNG-tests-1] INFO  testBase.BaseClass - Driver initialized successfully
2026-02-12 12:59:41 [TestNG-tests-1] INFO  testCases.TC04_AddToCart - ========== TC04_AddToCart STARTED ==========
2026-02-12 12:59:41 [TestNG-tests-1] DEBUG testCases.TC04_AddToCart - Product to be added to cart: Jordan Lift Off
2026-02-12 12:59:41 [TestNG-tests-1] DEBUG testCases.TC04_AddToCart - Initializing HomePage object
2026-02-12 12:59:41 [TestNG-tests-1] DEBUG testCases.TC04_AddToCart - Clicking Country Dropdown
2026-02-12 12:59:45 [TestNG-tests-1] DEBUG testCases.TC04_AddToCart - Scrolling and selecting country: China
2026-02-12 12:59:56 [TestNG-tests-1] DEBUG testCases.TC04_AddToCart - Entering name: Lu Bai
2026-02-12 12:59:57 [TestNG-tests-1] DEBUG testCases.TC04_AddToCart - Selecting gender: female
2026-02-12 12:59:57 [TestNG-tests-1] DEBUG testCases.TC04_AddToCart - Clicking 'Let's Shop'
2026-02-12 12:59:58 [TestNG-tests-1] DEBUG testCases.TC04_AddToCart - Initializing ProductsPage object
2026-02-12 12:59:58 [TestNG-tests-1] DEBUG testCases.TC04_AddToCart - Scrolling to product: Jordan Lift Off
2026-02-12 13:00:04 [TestNG-tests-1] DEBUG testCases.TC04_AddToCart - Clicking 'Add to Cart' for product: Jordan Lift Off
2026-02-12 13:00:05 [TestNG-tests-1] DEBUG testCases.TC04_AddToCart - Clicking Cart button
2026-02-12 13:00:05 [TestNG-tests-1] DEBUG testCases.TC04_AddToCart - Initializing CartPage object
2026-02-12 13:00:05 [TestNG-tests-1] DEBUG testCases.TC04_AddToCart - Fetching product name from Cart page
2026-02-12 13:00:06 [TestNG-tests-1] DEBUG testCases.TC04_AddToCart - Product found in cart: Jordan Lift Off
2026-02-12 13:00:06 [TestNG-tests-1] INFO  testCases.TC04_AddToCart - Validating product added to cart
2026-02-12 13:00:06 [TestNG-tests-1] INFO  testCases.TC04_AddToCart - Assertion Passed: Correct product added to cart
2026-02-12 13:00:06 [TestNG-tests-1] INFO  testCases.TC04_AddToCart - ========== TC04_AddToCart COMPLETED ==========
]]></system-out>
  </testcase>
  <testcase name="AddToCartTest[Christmas Island, Depeche Mode, male, Air Jordan 4 Retro](7)" classname="testCases.TC04_AddToCart" time="19.711">
    <system-out><![CDATA[2026-02-12 13:00:06 [TestNG-tests-1] INFO  testBase.BaseClass - ========== Test Teardown Started ==========
2026-02-12 13:00:06 [TestNG-tests-1] INFO  testBase.BaseClass - Driver quit successfully
2026-02-12 13:00:06 [TestNG-tests-1] INFO  testBase.BaseClass - ========== Test Setup Started ==========
2026-02-12 13:00:06 [TestNG-tests-1] DEBUG testBase.BaseClass - Loading config.properties from classpath
2026-02-12 13:00:06 [TestNG-tests-1] INFO  testBase.BaseClass - config.properties loaded successfully
2026-02-12 13:00:06 [TestNG-tests-1] DEBUG testBase.BaseClass - Appium Server URL: http://127.0.0.1:4723
2026-02-12 13:00:06 [TestNG-tests-1] DEBUG testBase.BaseClass - Device Name: emulator-5554
2026-02-12 13:00:06 [TestNG-tests-1] DEBUG testBase.BaseClass - App Path: /Users/raymondrohring/appium-workspace/MobileAutomationFramework/src/test/resources/General-Store.apk
2026-02-12 13:00:06 [TestNG-tests-1] DEBUG testBase.BaseClass - Chromedriver Path: /Users/raymondrohring/Downloads/chromedriver-mac-x64/chromedriver
2026-02-12 13:00:06 [TestNG-tests-1] INFO  testBase.BaseClass - Initializing AndroidDriver...
2026-02-12 13:00:10 [TestNG-tests-1] INFO  testBase.BaseClass - Driver initialized successfully
2026-02-12 13:00:10 [TestNG-tests-1] INFO  testCases.TC04_AddToCart - ========== TC04_AddToCart STARTED ==========
2026-02-12 13:00:10 [TestNG-tests-1] DEBUG testCases.TC04_AddToCart - Product to be added to cart: Air Jordan 4 Retro
2026-02-12 13:00:10 [TestNG-tests-1] DEBUG testCases.TC04_AddToCart - Initializing HomePage object
2026-02-12 13:00:10 [TestNG-tests-1] DEBUG testCases.TC04_AddToCart - Clicking Country Dropdown
2026-02-12 13:00:14 [TestNG-tests-1] DEBUG testCases.TC04_AddToCart - Scrolling and selecting country: Christmas Island
2026-02-12 13:00:25 [TestNG-tests-1] DEBUG testCases.TC04_AddToCart - Entering name: Depeche Mode
2026-02-12 13:00:25 [TestNG-tests-1] DEBUG testCases.TC04_AddToCart - Selecting gender: male
2026-02-12 13:00:26 [TestNG-tests-1] DEBUG testCases.TC04_AddToCart - Clicking 'Let's Shop'
2026-02-12 13:00:26 [TestNG-tests-1] DEBUG testCases.TC04_AddToCart - Initializing ProductsPage object
2026-02-12 13:00:26 [TestNG-tests-1] DEBUG testCases.TC04_AddToCart - Scrolling to product: Air Jordan 4 Retro
2026-02-12 13:00:28 [TestNG-tests-1] DEBUG testCases.TC04_AddToCart - Clicking 'Add to Cart' for product: Air Jordan 4 Retro
2026-02-12 13:00:28 [TestNG-tests-1] DEBUG testCases.TC04_AddToCart - Clicking Cart button
2026-02-12 13:00:28 [TestNG-tests-1] DEBUG testCases.TC04_AddToCart - Initializing CartPage object
2026-02-12 13:00:28 [TestNG-tests-1] DEBUG testCases.TC04_AddToCart - Fetching product name from Cart page
2026-02-12 13:00:30 [TestNG-tests-1] DEBUG testCases.TC04_AddToCart - Product found in cart: Air Jordan 4 Retro
2026-02-12 13:00:30 [TestNG-tests-1] INFO  testCases.TC04_AddToCart - Validating product added to cart
2026-02-12 13:00:30 [TestNG-tests-1] INFO  testCases.TC04_AddToCart - Assertion Passed: Correct product added to cart
2026-02-12 13:00:30 [TestNG-tests-1] INFO  testCases.TC04_AddToCart - ========== TC04_AddToCart COMPLETED ==========
]]></system-out>
  </testcase>
  <testcase name="CompletePurchaseTest" classname="testCases.TC05_CompletePurchase" time="36.105">
    <system-out><![CDATA[2026-02-12 13:00:30 [TestNG-tests-1] INFO  testBase.BaseClass - ========== Test Teardown Started ==========
2026-02-12 13:00:30 [TestNG-tests-1] INFO  testBase.BaseClass - Driver quit successfully
2026-02-12 13:00:30 [TestNG-tests-1] INFO  testBase.BaseClass - ========== Test Setup Started ==========
2026-02-12 13:00:30 [TestNG-tests-1] DEBUG testBase.BaseClass - Loading config.properties from classpath
2026-02-12 13:00:30 [TestNG-tests-1] INFO  testBase.BaseClass - config.properties loaded successfully
2026-02-12 13:00:30 [TestNG-tests-1] DEBUG testBase.BaseClass - Appium Server URL: http://127.0.0.1:4723
2026-02-12 13:00:30 [TestNG-tests-1] DEBUG testBase.BaseClass - Device Name: emulator-5554
2026-02-12 13:00:30 [TestNG-tests-1] DEBUG testBase.BaseClass - App Path: /Users/raymondrohring/appium-workspace/MobileAutomationFramework/src/test/resources/General-Store.apk
2026-02-12 13:00:30 [TestNG-tests-1] DEBUG testBase.BaseClass - Chromedriver Path: /Users/raymondrohring/Downloads/chromedriver-mac-x64/chromedriver
2026-02-12 13:00:30 [TestNG-tests-1] INFO  testBase.BaseClass - Initializing AndroidDriver...
2026-02-12 13:00:33 [TestNG-tests-1] INFO  testBase.BaseClass - Driver initialized successfully
2026-02-12 13:00:33 [TestNG-tests-1] INFO  testCases.TC05_CompletePurchase - ========== TC05_CompletePurchase STARTED ==========
2026-02-12 13:00:33 [TestNG-tests-1] DEBUG testCases.TC05_CompletePurchase - Product selected for purchase: Jordan 6 Rings
2026-02-12 13:00:33 [TestNG-tests-1] DEBUG testCases.TC05_CompletePurchase - Initializing HomePage object
2026-02-12 13:00:33 [TestNG-tests-1] DEBUG testCases.TC05_CompletePurchase - Entering name: Ray
2026-02-12 13:00:38 [TestNG-tests-1] DEBUG testCases.TC05_CompletePurchase - Clicking 'Let's Shop'
2026-02-12 13:00:39 [TestNG-tests-1] DEBUG testCases.TC05_CompletePurchase - Initializing ProductsPage object
2026-02-12 13:00:39 [TestNG-tests-1] DEBUG testCases.TC05_CompletePurchase - Scrolling to product: Jordan 6 Rings
2026-02-12 13:00:45 [TestNG-tests-1] DEBUG testCases.TC05_CompletePurchase - Adding product to cart: Jordan 6 Rings
2026-02-12 13:00:46 [TestNG-tests-1] DEBUG testCases.TC05_CompletePurchase - Navigating to Cart page
2026-02-12 13:00:46 [TestNG-tests-1] DEBUG testCases.TC05_CompletePurchase - Initializing CartPage object
2026-02-12 13:00:46 [TestNG-tests-1] DEBUG testCases.TC05_CompletePurchase - Clicking Terms & Conditions checkbox
2026-02-12 13:00:47 [TestNG-tests-1] DEBUG testCases.TC05_CompletePurchase - Clicking Complete Purchase (Navigating to WEBVIEW)
2026-02-12 13:00:51 [TestNG-tests-1] DEBUG testCases.TC05_CompletePurchase - Initializing WebviewPage object
2026-02-12 13:00:51 [TestNG-tests-1] INFO  testCases.TC05_CompletePurchase - Fetching available contexts
2026-02-12 13:00:53 [TestNG-tests-1] DEBUG testCases.TC05_CompletePurchase - Available Context: NATIVE_APP
2026-02-12 13:00:53 [TestNG-tests-1] DEBUG testCases.TC05_CompletePurchase - Available Context: WEBVIEW_com.androidsample.generalstore
2026-02-12 13:00:53 [TestNG-tests-1] INFO  testCases.TC05_CompletePurchase - Searching term in WebView
2026-02-12 13:01:01 [TestNG-tests-1] INFO  testCases.TC05_CompletePurchase - Pressing back to exit WebView
2026-02-12 13:01:03 [TestNG-tests-1] INFO  testCases.TC05_CompletePurchase - Switching back to NATIVE_APP context
2026-02-12 13:01:09 [TestNG-tests-1] DEBUG testCases.TC05_CompletePurchase - Fetching Home Page title after returning to Native context
2026-02-12 13:01:09 [TestNG-tests-1] DEBUG testCases.TC05_CompletePurchase - Home Page Title: General Store
2026-02-12 13:01:09 [TestNG-tests-1] INFO  testCases.TC05_CompletePurchase - Validating Home Page Title
2026-02-12 13:01:09 [TestNG-tests-1] INFO  testCases.TC05_CompletePurchase - Assertion Passed: Successfully completed purchase flow
2026-02-12 13:01:09 [TestNG-tests-1] INFO  testCases.TC05_CompletePurchase - ========== TC05_CompletePurchase COMPLETED ==========
]]></system-out>
  </testcase>
  <testcase name="TermsAndConditionsTest" classname="testCases.TC06_TermsAndConditions" time="13.522">
    <system-out><![CDATA[2026-02-12 13:01:09 [TestNG-tests-1] INFO  testBase.BaseClass - ========== Test Teardown Started ==========
2026-02-12 13:01:10 [TestNG-tests-1] INFO  testBase.BaseClass - Driver quit successfully
2026-02-12 13:01:10 [TestNG-tests-1] INFO  testBase.BaseClass - ========== Test Setup Started ==========
2026-02-12 13:01:10 [TestNG-tests-1] DEBUG testBase.BaseClass - Loading config.properties from classpath
2026-02-12 13:01:10 [TestNG-tests-1] INFO  testBase.BaseClass - config.properties loaded successfully
2026-02-12 13:01:10 [TestNG-tests-1] DEBUG testBase.BaseClass - Appium Server URL: http://127.0.0.1:4723
2026-02-12 13:01:10 [TestNG-tests-1] DEBUG testBase.BaseClass - Device Name: emulator-5554
2026-02-12 13:01:10 [TestNG-tests-1] DEBUG testBase.BaseClass - App Path: /Users/raymondrohring/appium-workspace/MobileAutomationFramework/src/test/resources/General-Store.apk
2026-02-12 13:01:10 [TestNG-tests-1] DEBUG testBase.BaseClass - Chromedriver Path: /Users/raymondrohring/Downloads/chromedriver-mac-x64/chromedriver
2026-02-12 13:01:10 [TestNG-tests-1] INFO  testBase.BaseClass - Initializing AndroidDriver...
2026-02-12 13:01:13 [TestNG-tests-1] INFO  testBase.BaseClass - Driver initialized successfully
2026-02-12 13:01:13 [TestNG-tests-1] INFO  testCases.TC06_TermsAndConditions - ========== TC06_TermsAndConditions STARTED ==========
2026-02-12 13:01:13 [TestNG-tests-1] DEBUG testCases.TC06_TermsAndConditions - Product selected for validation: Air Jordan 9 Retro
2026-02-12 13:01:13 [TestNG-tests-1] DEBUG testCases.TC06_TermsAndConditions - Initializing HomePage object
2026-02-12 13:01:14 [TestNG-tests-1] DEBUG testCases.TC06_TermsAndConditions - Entering name: Ray
2026-02-12 13:01:18 [TestNG-tests-1] DEBUG testCases.TC06_TermsAndConditions - Clicking 'Let's Shop'
2026-02-12 13:01:19 [TestNG-tests-1] DEBUG testCases.TC06_TermsAndConditions - Initializing ProductsPage object
2026-02-12 13:01:19 [TestNG-tests-1] DEBUG testCases.TC06_TermsAndConditions - Scrolling to product: Air Jordan 9 Retro
2026-02-12 13:01:23 [TestNG-tests-1] DEBUG testCases.TC06_TermsAndConditions - Adding product to cart: Air Jordan 9 Retro
2026-02-12 13:01:24 [TestNG-tests-1] DEBUG testCases.TC06_TermsAndConditions - Navigating to Cart page
2026-02-12 13:01:24 [TestNG-tests-1] DEBUG testCases.TC06_TermsAndConditions - Initializing CartPage object
2026-02-12 13:01:24 [TestNG-tests-1] DEBUG testCases.TC06_TermsAndConditions - Clicking Terms & Conditions checkbox
2026-02-12 13:01:25 [TestNG-tests-1] INFO  testCases.TC06_TermsAndConditions - Performing long click on Terms button
2026-02-12 13:01:27 [TestNG-tests-1] DEBUG testCases.TC06_TermsAndConditions - Fetching alert title
2026-02-12 13:01:27 [TestNG-tests-1] DEBUG testCases.TC06_TermsAndConditions - Alert Title captured: Terms Of Conditions
2026-02-12 13:01:27 [TestNG-tests-1] INFO  testCases.TC06_TermsAndConditions - Validating alert title
2026-02-12 13:01:27 [TestNG-tests-1] INFO  testCases.TC06_TermsAndConditions - Assertion Passed: Terms Of Conditions title verified successfully
2026-02-12 13:01:27 [TestNG-tests-1] INFO  testCases.TC06_TermsAndConditions - ========== TC06_TermsAndConditions COMPLETED ==========
]]></system-out>
  </testcase>
  <testcase name="ValidateToastMessageTest" classname="testCases.TC07_ValidateToastMessage" time="4.975">
    <system-out><![CDATA[2026-02-12 13:01:27 [TestNG-tests-1] INFO  testBase.BaseClass - ========== Test Teardown Started ==========
2026-02-12 13:01:27 [TestNG-tests-1] INFO  testBase.BaseClass - Driver quit successfully
2026-02-12 13:01:27 [TestNG-tests-1] INFO  testBase.BaseClass - ========== Test Setup Started ==========
2026-02-12 13:01:27 [TestNG-tests-1] DEBUG testBase.BaseClass - Loading config.properties from classpath
2026-02-12 13:01:27 [TestNG-tests-1] INFO  testBase.BaseClass - config.properties loaded successfully
2026-02-12 13:01:27 [TestNG-tests-1] DEBUG testBase.BaseClass - Appium Server URL: http://127.0.0.1:4723
2026-02-12 13:01:27 [TestNG-tests-1] DEBUG testBase.BaseClass - Device Name: emulator-5554
2026-02-12 13:01:27 [TestNG-tests-1] DEBUG testBase.BaseClass - App Path: /Users/raymondrohring/appium-workspace/MobileAutomationFramework/src/test/resources/General-Store.apk
2026-02-12 13:01:27 [TestNG-tests-1] DEBUG testBase.BaseClass - Chromedriver Path: /Users/raymondrohring/Downloads/chromedriver-mac-x64/chromedriver
2026-02-12 13:01:27 [TestNG-tests-1] INFO  testBase.BaseClass - Initializing AndroidDriver...
2026-02-12 13:01:31 [TestNG-tests-1] INFO  testBase.BaseClass - Driver initialized successfully
2026-02-12 13:01:31 [TestNG-tests-1] INFO  testCases.TC07_ValidateToastMessage - ========== TC07_ValidateToastMessage STARTED ==========
2026-02-12 13:01:31 [TestNG-tests-1] DEBUG testCases.TC07_ValidateToastMessage - Initializing HomePage object
2026-02-12 13:01:31 [TestNG-tests-1] DEBUG testCases.TC07_ValidateToastMessage - Clicking 'Let's Shop'
2026-02-12 13:01:35 [TestNG-tests-1] DEBUG testCases.TC07_ValidateToastMessage - Fetching Toast Msg
2026-02-12 13:01:36 [TestNG-tests-1] DEBUG testCases.TC07_ValidateToastMessage - Actual Toast Msg: Please enter your name
2026-02-12 13:01:36 [TestNG-tests-1] INFO  testCases.TC07_ValidateToastMessage - Validating Toast Msg
2026-02-12 13:01:36 [TestNG-tests-1] INFO  testCases.TC07_ValidateToastMessage - Assertion Passed: Toast Msg verified successfully
2026-02-12 13:01:36 [TestNG-tests-1] INFO  testCases.TC07_ValidateToastMessage - ========== TC07_ValidateToastMessage COMPLETED ==========
]]></system-out>
  </testcase>
</testsuite>