<?xml version="1.0" encoding="UTF-8"?>
<testng-results retried="1" ignored="12" total="25" passed="12" failed="0" skipped="0">
  <reporter-output>
  </reporter-output>
  <suite started-at="2026-02-12T17:50:47 EST" name="Parallel Mobile Suite" finished-at="2026-02-12T17:54:41 EST" duration-ms="234266">
    <groups>
      <group name="datadriven">
        <method signature="TC04_AddToCart.AddToCartTest(java.lang.String,java.lang.String,java.lang.String,java.lang.String)[pri:0, instance:testCases.TC04_AddToCart@ab7395e]" name="AddToCartTest" class="testCases.TC04_AddToCart"/>
        <method signature="TC04_AddToCart.AddToCartTest(java.lang.String,java.lang.String,java.lang.String,java.lang.String)[pri:0, instance:testCases.TC04_AddToCart@5443d039]" name="AddToCartTest" class="testCases.TC04_AddToCart"/>
      </group> <!-- datadriven -->
      <group name="regression">
        <method signature="TC04_AddToCart.AddToCartTest(java.lang.String,java.lang.String,java.lang.String,java.lang.String)[pri:0, instance:testCases.TC04_AddToCart@ab7395e]" name="AddToCartTest" class="testCases.TC04_AddToCart"/>
        <method signature="TC04_AddToCart.AddToCartTest(java.lang.String,java.lang.String,java.lang.String,java.lang.String)[pri:0, instance:testCases.TC04_AddToCart@5443d039]" name="AddToCartTest" class="testCases.TC04_AddToCart"/>
      </group> <!-- regression -->
      <group name="sanity">
        <method signature="TC04_AddToCart.AddToCartTest(java.lang.String,java.lang.String,java.lang.String,java.lang.String)[pri:0, instance:testCases.TC04_AddToCart@ab7395e]" name="AddToCartTest" class="testCases.TC04_AddToCart"/>
        <method signature="TC04_AddToCart.AddToCartTest(java.lang.String,java.lang.String,java.lang.String,java.lang.String)[pri:0, instance:testCases.TC04_AddToCart@5443d039]" name="AddToCartTest" class="testCases.TC04_AddToCart"/>
      </group> <!-- sanity -->
    </groups>
    <test started-at="2026-02-12T17:50:47 EST" name="Pixel_9" finished-at="2026-02-12T17:53:35 EST" duration-ms="168463">
      <class name="testCases.TC04_AddToCart">
        <test-method is-config="true" signature="setUp(java.lang.String,java.lang.String,java.lang.String)[pri:0, instance:testCases.TC04_AddToCart@ab7395e]" started-at="2026-02-12T17:50:50 EST" name="setUp" finished-at="2026-02-12T17:50:57 EST" duration-ms="6269" status="PASS">
          <params>
            <param index="0">
              <value>
                <![CDATA[emulator-5554]]>
              </value>
            </param>
            <param index="1">
              <value>
                <![CDATA[8200]]>
              </value>
            </param>
            <param index="2">
              <value>
                <![CDATA[Android]]>
              </value>
            </param>
          </params>
          <reporter-output>
          </reporter-output>
        </test-method> <!-- setUp -->
        <test-method signature="AddToCartTest(java.lang.String,java.lang.String,java.lang.String,java.lang.String)[pri:0, instance:testCases.TC04_AddToCart@ab7395e]" started-at="2026-02-12T17:50:57 EST" name="AddToCartTest" data-provider="LoginData" finished-at="2026-02-12T17:51:16 EST" duration-ms="19723" status="PASS">
          <params>
            <param index="0">
              <value>
                <![CDATA[Aruba]]>
              </value>
            </param>
            <param index="1">
              <value>
                <![CDATA[Ray]]>
              </value>
            </param>
            <param index="2">
              <value>
                <![CDATA[male]]>
              </value>
            </param>
            <param index="3">
              <value>
                <![CDATA[Converse All Star]]>
              </value>
            </param>
          </params>
          <reporter-output>
          </reporter-output>
        </test-method> <!-- AddToCartTest -->
        <test-method is-config="true" signature="tearDown()[pri:0, instance:testCases.TC04_AddToCart@ab7395e]" started-at="2026-02-12T17:51:16 EST" name="tearDown" finished-at="2026-02-12T17:51:17 EST" duration-ms="496" status="PASS">
          <reporter-output>
          </reporter-output>
        </test-method> <!-- tearDown -->
        <test-method is-config="true" signature="setUp(java.lang.String,java.lang.String,java.lang.String)[pri:0, instance:testCases.TC04_AddToCart@ab7395e]" started-at="2026-02-12T17:51:17 EST" name="setUp" finished-at="2026-02-12T17:51:21 EST" duration-ms="4034" status="PASS">
          <params>
            <param index="0">
              <value>
                <![CDATA[emulator-5554]]>
              </value>
            </param>
            <param index="1">
              <value>
                <![CDATA[8200]]>
              </value>
            </param>
            <param index="2">
              <value>
                <![CDATA[Android]]>
              </value>
            </param>
          </params>
          <reporter-output>
          </reporter-output>
        </test-method> <!-- setUp -->
        <test-method signature="AddToCartTest(java.lang.String,java.lang.String,java.lang.String,java.lang.String)[pri:0, instance:testCases.TC04_AddToCart@ab7395e]" started-at="2026-02-12T17:51:21 EST" name="AddToCartTest" data-provider="LoginData" finished-at="2026-02-12T17:51:43 EST" duration-ms="21691" status="PASS">
          <params>
            <param index="0">
              <value>
                <![CDATA[Australia]]>
              </value>
            </param>
            <param index="1">
              <value>
                <![CDATA[Bluey]]>
              </value>
            </param>
            <param index="2">
              <value>
                <![CDATA[female]]>
              </value>
            </param>
            <param index="3">
              <value>
                <![CDATA[PG 3]]>
              </value>
            </param>
          </params>
          <reporter-output>
          </reporter-output>
        </test-method> <!-- AddToCartTest -->
        <test-method is-config="true" signature="tearDown()[pri:0, instance:testCases.TC04_AddToCart@ab7395e]" started-at="2026-02-12T17:51:43 EST" name="tearDown" finished-at="2026-02-12T17:51:43 EST" duration-ms="339" status="PASS">
          <reporter-output>
          </reporter-output>
        </test-method> <!-- tearDown -->
        <test-method is-config="true" signature="setUp(java.lang.String,java.lang.String,java.lang.String)[pri:0, instance:testCases.TC04_AddToCart@ab7395e]" started-at="2026-02-12T17:51:43 EST" name="setUp" finished-at="2026-02-12T17:51:47 EST" duration-ms="3708" status="PASS">
          <params>
            <param index="0">
              <value>
                <![CDATA[emulator-5554]]>
              </value>
            </param>
            <param index="1">
              <value>
                <![CDATA[8200]]>
              </value>
            </param>
            <param index="2">
              <value>
                <![CDATA[Android]]>
              </value>
            </param>
          </params>
          <reporter-output>
          </reporter-output>
        </test-method> <!-- setUp -->
        <test-method signature="AddToCartTest(java.lang.String,java.lang.String,java.lang.String,java.lang.String)[pri:0, instance:testCases.TC04_AddToCart@ab7395e]" started-at="2026-02-12T17:51:47 EST" name="AddToCartTest" data-provider="LoginData" finished-at="2026-02-12T17:52:13 EST" duration-ms="25719" status="PASS">
          <params>
            <param index="0">
              <value>
                <![CDATA[Brazil]]>
              </value>
            </param>
            <param index="1">
              <value>
                <![CDATA[Christ the Redeemer]]>
              </value>
            </param>
            <param index="2">
              <value>
                <![CDATA[male]]>
              </value>
            </param>
            <param index="3">
              <value>
                <![CDATA[LeBron Soldier 12 ]]>
              </value>
            </param>
          </params>
          <reporter-output>
          </reporter-output>
        </test-method> <!-- AddToCartTest -->
        <test-method is-config="true" signature="tearDown()[pri:0, instance:testCases.TC04_AddToCart@ab7395e]" started-at="2026-02-12T17:52:13 EST" name="tearDown" finished-at="2026-02-12T17:52:13 EST" duration-ms="286" status="PASS">
          <reporter-output>
          </reporter-output>
        </test-method> <!-- tearDown -->
        <test-method is-config="true" signature="setUp(java.lang.String,java.lang.String,java.lang.String)[pri:0, instance:testCases.TC04_AddToCart@ab7395e]" started-at="2026-02-12T17:52:13 EST" name="setUp" finished-at="2026-02-12T17:52:16 EST" duration-ms="3581" status="PASS">
          <params>
            <param index="0">
              <value>
                <![CDATA[emulator-5554]]>
              </value>
            </param>
            <param index="1">
              <value>
                <![CDATA[8200]]>
              </value>
            </param>
            <param index="2">
              <value>
                <![CDATA[Android]]>
              </value>
            </param>
          </params>
          <reporter-output>
          </reporter-output>
        </test-method> <!-- setUp -->
        <test-method signature="AddToCartTest(java.lang.String,java.lang.String,java.lang.String,java.lang.String)[pri:0, instance:testCases.TC04_AddToCart@ab7395e]" started-at="2026-02-12T17:52:16 EST" name="AddToCartTest" data-provider="LoginData" finished-at="2026-02-12T17:52:40 EST" duration-ms="23876" status="PASS">
          <params>
            <param index="0">
              <value>
                <![CDATA[Canada]]>
              </value>
            </param>
            <param index="1">
              <value>
                <![CDATA[Rae]]>
              </value>
            </param>
            <param index="2">
              <value>
                <![CDATA[female]]>
              </value>
            </param>
            <param index="3">
              <value>
                <![CDATA[Air Jordan 9 Retro]]>
              </value>
            </param>
          </params>
          <reporter-output>
          </reporter-output>
        </test-method> <!-- AddToCartTest -->
        <test-method is-config="true" signature="tearDown()[pri:0, instance:testCases.TC04_AddToCart@ab7395e]" started-at="2026-02-12T17:52:40 EST" name="tearDown" finished-at="2026-02-12T17:52:41 EST" duration-ms="312" status="PASS">
          <reporter-output>
          </reporter-output>
        </test-method> <!-- tearDown -->
        <test-method is-config="true" signature="setUp(java.lang.String,java.lang.String,java.lang.String)[pri:0, instance:testCases.TC04_AddToCart@ab7395e]" started-at="2026-02-12T17:52:41 EST" name="setUp" finished-at="2026-02-12T17:52:44 EST" duration-ms="3574" status="PASS">
          <params>
            <param index="0">
              <value>
                <![CDATA[emulator-5554]]>
              </value>
            </param>
            <param index="1">
              <value>
                <![CDATA[8200]]>
              </value>
            </param>
            <param index="2">
              <value>
                <![CDATA[Android]]>
              </value>
            </param>
          </params>
          <reporter-output>
          </reporter-output>
        </test-method> <!-- setUp -->
        <test-method signature="AddToCartTest(java.lang.String,java.lang.String,java.lang.String,java.lang.String)[pri:0, instance:testCases.TC04_AddToCart@ab7395e]" started-at="2026-02-12T17:52:44 EST" name="AddToCartTest" data-provider="LoginData" finished-at="2026-02-12T17:53:10 EST" duration-ms="25408" status="PASS">
          <params>
            <param index="0">
              <value>
                <![CDATA[China]]>
              </value>
            </param>
            <param index="1">
              <value>
                <![CDATA[Lu Bai]]>
              </value>
            </param>
            <param index="2">
              <value>
                <![CDATA[female]]>
              </value>
            </param>
            <param index="3">
              <value>
                <![CDATA[Jordan Lift Off]]>
              </value>
            </param>
          </params>
          <reporter-output>
          </reporter-output>
        </test-method> <!-- AddToCartTest -->
        <test-method is-config="true" signature="tearDown()[pri:0, instance:testCases.TC04_AddToCart@ab7395e]" started-at="2026-02-12T17:53:10 EST" name="tearDown" finished-at="2026-02-12T17:53:10 EST" duration-ms="361" status="PASS">
          <reporter-output>
          </reporter-output>
        </test-method> <!-- tearDown -->
        <test-method is-config="true" signature="setUp(java.lang.String,java.lang.String,java.lang.String)[pri:0, instance:testCases.TC04_AddToCart@ab7395e]" started-at="2026-02-12T17:53:10 EST" name="setUp" finished-at="2026-02-12T17:53:14 EST" duration-ms="3737" status="PASS">
          <params>
            <param index="0">
              <value>
                <![CDATA[emulator-5554]]>
              </value>
            </param>
            <param index="1">
              <value>
                <![CDATA[8200]]>
              </value>
            </param>
            <param index="2">
              <value>
                <![CDATA[Android]]>
              </value>
            </param>
          </params>
          <reporter-output>
          </reporter-output>
        </test-method> <!-- setUp -->
        <test-method signature="AddToCartTest(java.lang.String,java.lang.String,java.lang.String,java.lang.String)[pri:0, instance:testCases.TC04_AddToCart@ab7395e]" started-at="2026-02-12T17:53:14 EST" name="AddToCartTest" data-provider="LoginData" finished-at="2026-02-12T17:53:35 EST" duration-ms="21094" status="PASS">
          <params>
            <param index="0">
              <value>
                <![CDATA[Christmas Island]]>
              </value>
            </param>
            <param index="1">
              <value>
                <![CDATA[Depeche Mode]]>
              </value>
            </param>
            <param index="2">
              <value>
                <![CDATA[male]]>
              </value>
            </param>
            <param index="3">
              <value>
                <![CDATA[Air Jordan 4 Retro]]>
              </value>
            </param>
          </params>
          <reporter-output>
          </reporter-output>
        </test-method> <!-- AddToCartTest -->
        <test-method is-config="true" signature="tearDown()[pri:0, instance:testCases.TC04_AddToCart@ab7395e]" started-at="2026-02-12T17:53:35 EST" name="tearDown" finished-at="2026-02-12T17:53:35 EST" duration-ms="326" status="PASS">
          <reporter-output>
          </reporter-output>
        </test-method> <!-- tearDown -->
      </class> <!-- testCases.TC04_AddToCart -->
    </test> <!-- Pixel_9 -->
    <test started-at="2026-02-12T17:50:47 EST" name="Small Phone" finished-at="2026-02-12T17:54:41 EST" duration-ms="234266">
      <class name="testCases.TC04_AddToCart">
        <test-method is-config="true" signature="setUp(java.lang.String,java.lang.String,java.lang.String)[pri:0, instance:testCases.TC04_AddToCart@5443d039]" started-at="2026-02-12T17:50:50 EST" name="setUp" finished-at="2026-02-12T17:50:57 EST" duration-ms="6268" status="PASS">
          <params>
            <param index="0">
              <value>
                <![CDATA[emulator-5556]]>
              </value>
            </param>
            <param index="1">
              <value>
                <![CDATA[8201]]>
              </value>
            </param>
            <param index="2">
              <value>
                <![CDATA[Android]]>
              </value>
            </param>
          </params>
          <reporter-output>
          </reporter-output>
        </test-method> <!-- setUp -->
        <test-method signature="AddToCartTest(java.lang.String,java.lang.String,java.lang.String,java.lang.String)[pri:0, instance:testCases.TC04_AddToCart@5443d039]" started-at="2026-02-12T17:50:57 EST" name="AddToCartTest" data-provider="LoginData" finished-at="2026-02-12T17:51:18 EST" duration-ms="21298" status="PASS">
          <params>
            <param index="0">
              <value>
                <![CDATA[Aruba]]>
              </value>
            </param>
            <param index="1">
              <value>
                <![CDATA[Ray]]>
              </value>
            </param>
            <param index="2">
              <value>
                <![CDATA[male]]>
              </value>
            </param>
            <param index="3">
              <value>
                <![CDATA[Converse All Star]]>
              </value>
            </param>
          </params>
          <reporter-output>
          </reporter-output>
        </test-method> <!-- AddToCartTest -->
        <test-method is-config="true" signature="tearDown()[pri:0, instance:testCases.TC04_AddToCart@5443d039]" started-at="2026-02-12T17:51:18 EST" name="tearDown" finished-at="2026-02-12T17:51:18 EST" duration-ms="471" status="PASS">
          <reporter-output>
          </reporter-output>
        </test-method> <!-- tearDown -->
        <test-method is-config="true" signature="setUp(java.lang.String,java.lang.String,java.lang.String)[pri:0, instance:testCases.TC04_AddToCart@5443d039]" started-at="2026-02-12T17:51:18 EST" name="setUp" finished-at="2026-02-12T17:51:22 EST" duration-ms="3861" status="PASS">
          <params>
            <param index="0">
              <value>
                <![CDATA[emulator-5556]]>
              </value>
            </param>
            <param index="1">
              <value>
                <![CDATA[8201]]>
              </value>
            </param>
            <param index="2">
              <value>
                <![CDATA[Android]]>
              </value>
            </param>
          </params>
          <reporter-output>
          </reporter-output>
        </test-method> <!-- setUp -->
        <test-method retried="true" signature="AddToCartTest(java.lang.String,java.lang.String,java.lang.String,java.lang.String)[pri:0, instance:testCases.TC04_AddToCart@5443d039]" started-at="2026-02-12T17:51:22 EST" name="AddToCartTest" data-provider="LoginData" finished-at="2026-02-12T17:51:50 EST" duration-ms="27206" status="SKIP">
          <params>
            <param index="0">
              <value>
                <![CDATA[Australia]]>
              </value>
            </param>
            <param index="1">
              <value>
                <![CDATA[Bluey]]>
              </value>
            </param>
            <param index="2">
              <value>
                <![CDATA[female]]>
              </value>
            </param>
            <param index="3">
              <value>
                <![CDATA[PG 3]]>
              </value>
            </param>
          </params>
          <exception class="java.lang.AssertionError">
            <message>
              <![CDATA[expected [PG 3] but found [LeBron Soldier 12 ]]]>
            </message>
            <full-stacktrace>
              <![CDATA[java.lang.AssertionError: expected [PG 3] but found [LeBron Soldier 12 ]
at org.testng.Assert.fail(Assert.java:111)
at org.testng.Assert.failNotEquals(Assert.java:1590)
at org.testng.Assert.assertEqualsImpl(Assert.java:150)
at org.testng.Assert.assertEquals(Assert.java:132)
at org.testng.Assert.assertEquals(Assert.java:656)
at org.testng.Assert.assertEquals(Assert.java:666)
at testCases.TC04_AddToCart.AddToCartTest(TC04_AddToCart.java:71)
at java.base/jdk.internal.reflect.DirectMethodHandleAccessor.invoke(DirectMethodHandleAccessor.java:103)
at java.base/java.lang.reflect.Method.invoke(Method.java:580)
at org.testng.internal.invokers.MethodInvocationHelper.invokeMethod(MethodInvocationHelper.java:141)
at org.testng.internal.invokers.TestInvoker.invokeMethod(TestInvoker.java:687)
at org.testng.internal.invokers.TestInvoker.invokeTestMethod(TestInvoker.java:230)
at org.testng.internal.invokers.MethodRunner.runInSequence(MethodRunner.java:63)
at org.testng.internal.invokers.TestInvoker$MethodInvocationAgent.invoke(TestInvoker.java:995)
at org.testng.internal.invokers.TestInvoker.invokeTestMethods(TestInvoker.java:203)
at org.testng.internal.invokers.TestMethodWorker.invokeTestMethods(TestMethodWorker.java:154)
at org.testng.internal.invokers.TestMethodWorker.run(TestMethodWorker.java:134)
at java.base/java.util.ArrayList.forEach(ArrayList.java:1596)
at org.testng.TestRunner.privateRun(TestRunner.java:741)
at org.testng.TestRunner.run(TestRunner.java:616)
at org.testng.SuiteRunner.runTest(SuiteRunner.java:421)
at org.testng.SuiteRunner$SuiteWorker.run(SuiteRunner.java:463)
at org.testng.internal.thread.ThreadUtil.lambda$execute$0(ThreadUtil.java:64)
at java.base/java.util.concurrent.FutureTask.run(FutureTask.java:317)
at java.base/java.util.concurrent.ThreadPoolExecutor.runWorker(ThreadPoolExecutor.java:1144)
at java.base/java.util.concurrent.ThreadPoolExecutor$Worker.run(ThreadPoolExecutor.java:642)
at java.base/java.lang.Thread.run(Thread.java:1583)
]]>
            </full-stacktrace>
          </exception> <!-- java.lang.AssertionError -->
          <reporter-output>
          </reporter-output>
        </test-method> <!-- AddToCartTest -->
        <test-method is-config="true" signature="tearDown()[pri:0, instance:testCases.TC04_AddToCart@5443d039]" started-at="2026-02-12T17:51:50 EST" name="tearDown" finished-at="2026-02-12T17:51:50 EST" duration-ms="317" status="PASS">
          <reporter-output>
          </reporter-output>
        </test-method> <!-- tearDown -->
        <test-method is-config="true" signature="setUp(java.lang.String,java.lang.String,java.lang.String)[pri:0, instance:testCases.TC04_AddToCart@5443d039]" started-at="2026-02-12T17:51:50 EST" name="setUp" finished-at="2026-02-12T17:51:52 EST" duration-ms="2405" status="PASS">
          <params>
            <param index="0">
              <value>
                <![CDATA[emulator-5556]]>
              </value>
            </param>
            <param index="1">
              <value>
                <![CDATA[8201]]>
              </value>
            </param>
            <param index="2">
              <value>
                <![CDATA[Android]]>
              </value>
            </param>
          </params>
          <reporter-output>
          </reporter-output>
        </test-method> <!-- setUp -->
        <test-method signature="AddToCartTest(java.lang.String,java.lang.String,java.lang.String,java.lang.String)[pri:0, instance:testCases.TC04_AddToCart@5443d039]" started-at="2026-02-12T17:51:52 EST" name="AddToCartTest" data-provider="LoginData" finished-at="2026-02-12T17:52:19 EST" duration-ms="26591" status="PASS">
          <params>
            <param index="0">
              <value>
                <![CDATA[Australia]]>
              </value>
            </param>
            <param index="1">
              <value>
                <![CDATA[Bluey]]>
              </value>
            </param>
            <param index="2">
              <value>
                <![CDATA[female]]>
              </value>
            </param>
            <param index="3">
              <value>
                <![CDATA[PG 3]]>
              </value>
            </param>
          </params>
          <reporter-output>
          </reporter-output>
        </test-method> <!-- AddToCartTest -->
        <test-method is-config="true" signature="tearDown()[pri:0, instance:testCases.TC04_AddToCart@5443d039]" started-at="2026-02-12T17:52:19 EST" name="tearDown" finished-at="2026-02-12T17:52:19 EST" duration-ms="342" status="PASS">
          <reporter-output>
          </reporter-output>
        </test-method> <!-- tearDown -->
        <test-method is-config="true" signature="setUp(java.lang.String,java.lang.String,java.lang.String)[pri:0, instance:testCases.TC04_AddToCart@5443d039]" started-at="2026-02-12T17:52:19 EST" name="setUp" finished-at="2026-02-12T17:52:22 EST" duration-ms="2494" status="PASS">
          <params>
            <param index="0">
              <value>
                <![CDATA[emulator-5556]]>
              </value>
            </param>
            <param index="1">
              <value>
                <![CDATA[8201]]>
              </value>
            </param>
            <param index="2">
              <value>
                <![CDATA[Android]]>
              </value>
            </param>
          </params>
          <reporter-output>
          </reporter-output>
        </test-method> <!-- setUp -->
        <test-method signature="AddToCartTest(java.lang.String,java.lang.String,java.lang.String,java.lang.String)[pri:0, instance:testCases.TC04_AddToCart@5443d039]" started-at="2026-02-12T17:52:22 EST" name="AddToCartTest" data-provider="LoginData" finished-at="2026-02-12T17:52:53 EST" duration-ms="31613" status="PASS">
          <params>
            <param index="0">
              <value>
                <![CDATA[Brazil]]>
              </value>
            </param>
            <param index="1">
              <value>
                <![CDATA[Christ the Redeemer]]>
              </value>
            </param>
            <param index="2">
              <value>
                <![CDATA[male]]>
              </value>
            </param>
            <param index="3">
              <value>
                <![CDATA[LeBron Soldier 12 ]]>
              </value>
            </param>
          </params>
          <reporter-output>
          </reporter-output>
        </test-method> <!-- AddToCartTest -->
        <test-method is-config="true" signature="tearDown()[pri:0, instance:testCases.TC04_AddToCart@5443d039]" started-at="2026-02-12T17:52:53 EST" name="tearDown" finished-at="2026-02-12T17:52:54 EST" duration-ms="344" status="PASS">
          <reporter-output>
          </reporter-output>
        </test-method> <!-- tearDown -->
        <test-method is-config="true" signature="setUp(java.lang.String,java.lang.String,java.lang.String)[pri:0, instance:testCases.TC04_AddToCart@5443d039]" started-at="2026-02-12T17:52:54 EST" name="setUp" finished-at="2026-02-12T17:52:56 EST" duration-ms="2539" status="PASS">
          <params>
            <param index="0">
              <value>
                <![CDATA[emulator-5556]]>
              </value>
            </param>
            <param index="1">
              <value>
                <![CDATA[8201]]>
              </value>
            </param>
            <param index="2">
              <value>
                <![CDATA[Android]]>
              </value>
            </param>
          </params>
          <reporter-output>
          </reporter-output>
        </test-method> <!-- setUp -->
        <test-method signature="AddToCartTest(java.lang.String,java.lang.String,java.lang.String,java.lang.String)[pri:0, instance:testCases.TC04_AddToCart@5443d039]" started-at="2026-02-12T17:52:56 EST" name="AddToCartTest" data-provider="LoginData" finished-at="2026-02-12T17:53:26 EST" duration-ms="29845" status="PASS">
          <params>
            <param index="0">
              <value>
                <![CDATA[Canada]]>
              </value>
            </param>
            <param index="1">
              <value>
                <![CDATA[Rae]]>
              </value>
            </param>
            <param index="2">
              <value>
                <![CDATA[female]]>
              </value>
            </param>
            <param index="3">
              <value>
                <![CDATA[Air Jordan 9 Retro]]>
              </value>
            </param>
          </params>
          <reporter-output>
          </reporter-output>
        </test-method> <!-- AddToCartTest -->
        <test-method is-config="true" signature="tearDown()[pri:0, instance:testCases.TC04_AddToCart@5443d039]" started-at="2026-02-12T17:53:26 EST" name="tearDown" finished-at="2026-02-12T17:53:26 EST" duration-ms="318" status="PASS">
          <reporter-output>
          </reporter-output>
        </test-method> <!-- tearDown -->
        <test-method is-config="true" signature="setUp(java.lang.String,java.lang.String,java.lang.String)[pri:0, instance:testCases.TC04_AddToCart@5443d039]" started-at="2026-02-12T17:53:26 EST" name="setUp" finished-at="2026-02-12T17:53:30 EST" duration-ms="3542" status="PASS">
          <params>
            <param index="0">
              <value>
                <![CDATA[emulator-5556]]>
              </value>
            </param>
            <param index="1">
              <value>
                <![CDATA[8201]]>
              </value>
            </param>
            <param index="2">
              <value>
                <![CDATA[Android]]>
              </value>
            </param>
          </params>
          <reporter-output>
          </reporter-output>
        </test-method> <!-- setUp -->
        <test-method signature="AddToCartTest(java.lang.String,java.lang.String,java.lang.String,java.lang.String)[pri:0, instance:testCases.TC04_AddToCart@5443d039]" started-at="2026-02-12T17:53:30 EST" name="AddToCartTest" data-provider="LoginData" finished-at="2026-02-12T17:54:08 EST" duration-ms="37828" status="PASS">
          <params>
            <param index="0">
              <value>
                <![CDATA[China]]>
              </value>
            </param>
            <param index="1">
              <value>
                <![CDATA[Lu Bai]]>
              </value>
            </param>
            <param index="2">
              <value>
                <![CDATA[female]]>
              </value>
            </param>
            <param index="3">
              <value>
                <![CDATA[Jordan Lift Off]]>
              </value>
            </param>
          </params>
          <reporter-output>
          </reporter-output>
        </test-method> <!-- AddToCartTest -->
        <test-method is-config="true" signature="tearDown()[pri:0, instance:testCases.TC04_AddToCart@5443d039]" started-at="2026-02-12T17:54:08 EST" name="tearDown" finished-at="2026-02-12T17:54:08 EST" duration-ms="347" status="PASS">
          <reporter-output>
          </reporter-output>
        </test-method> <!-- tearDown -->
        <test-method is-config="true" signature="setUp(java.lang.String,java.lang.String,java.lang.String)[pri:0, instance:testCases.TC04_AddToCart@5443d039]" started-at="2026-02-12T17:54:08 EST" name="setUp" finished-at="2026-02-12T17:54:11 EST" duration-ms="2502" status="PASS">
          <params>
            <param index="0">
              <value>
                <![CDATA[emulator-5556]]>
              </value>
            </param>
            <param index="1">
              <value>
                <![CDATA[8201]]>
              </value>
            </param>
            <param index="2">
              <value>
                <![CDATA[Android]]>
              </value>
            </param>
          </params>
          <reporter-output>
          </reporter-output>
        </test-method> <!-- setUp -->
        <test-method signature="AddToCartTest(java.lang.String,java.lang.String,java.lang.String,java.lang.String)[pri:0, instance:testCases.TC04_AddToCart@5443d039]" started-at="2026-02-12T17:54:11 EST" name="AddToCartTest" data-provider="LoginData" finished-at="2026-02-12T17:54:41 EST" duration-ms="29925" status="PASS">
          <params>
            <param index="0">
              <value>
                <![CDATA[Christmas Island]]>
              </value>
            </param>
            <param index="1">
              <value>
                <![CDATA[Depeche Mode]]>
              </value>
            </param>
            <param index="2">
              <value>
                <![CDATA[male]]>
              </value>
            </param>
            <param index="3">
              <value>
                <![CDATA[Air Jordan 4 Retro]]>
              </value>
            </param>
          </params>
          <reporter-output>
          </reporter-output>
        </test-method> <!-- AddToCartTest -->
        <test-method is-config="true" signature="tearDown()[pri:0, instance:testCases.TC04_AddToCart@5443d039]" started-at="2026-02-12T17:54:41 EST" name="tearDown" finished-at="2026-02-12T17:54:41 EST" duration-ms="426" status="PASS">
          <reporter-output>
          </reporter-output>
        </test-method> <!-- tearDown -->
      </class> <!-- testCases.TC04_AddToCart -->
    </test> <!-- Small Phone -->
  </suite> <!-- Parallel Mobile Suite -->
</testng-results>
