<?xml version="1.0" encoding="UTF-8"?>
<!-- Generated by org.testng.reporters.JUnitReportReporter -->
<testsuite hostname="MacBookPro" failures="0" tests="13" name="testCases.TC04_AddToCart" time="395.016" errors="0" timestamp="2026-02-12T17:54:42 EST" skipped="1">
  <testcase classname="testCases.TC04_AddToCart" name="AddToCartTest" time="29.768"/>
  <testcase classname="testCases.TC04_AddToCart" name="AddToCartTest" time="32.567"/>
  <testcase classname="testCases.TC04_AddToCart" name="AddToCartTest" time="42.160"/>
  <testcase classname="testCases.TC04_AddToCart" name="AddToCartTest" time="30.475"/>
  <testcase classname="testCases.TC04_AddToCart" name="AddToCartTest" time="29.952"/>
  <testcase classname="testCases.TC04_AddToCart" name="AddToCartTest" time="36.619"/>
  <testcase classname="testCases.TC04_AddToCart" name="AddToCartTest" time="30.063">
    <skipped/>
  </testcase> <!-- AddToCartTest -->
  <testcase classname="testCases.TC04_AddToCart" name="AddToCartTest" time="23.665"/>
  <testcase classname="testCases.TC04_AddToCart" name="AddToCartTest" time="34.459"/>
  <testcase classname="testCases.TC04_AddToCart" name="AddToCartTest" time="25.088"/>
  <testcase classname="testCases.TC04_AddToCart" name="AddToCartTest" time="24.139"/>
  <testcase classname="testCases.TC04_AddToCart" name="AddToCartTest" time="25.604"/>
  <testcase classname="testCases.TC04_AddToCart" name="AddToCartTest" time="30.457"/>
</testsuite> <!-- testCases.TC04_AddToCart -->
