<?xml version="1.0" encoding="UTF-8"?>
<!-- Generated by org.testng.reporters.JUnitReportReporter -->
<testsuite hostname="MacBookPro" failures="0" tests="7" name="testCases.TC04_AddToCart" time="184.217" errors="0" timestamp="2026-02-12T13:01:37 EST" skipped="1">
  <testcase classname="testCases.TC04_AddToCart" name="AddToCartTest" time="28.857"/>
  <testcase classname="testCases.TC04_AddToCart" name="AddToCartTest" time="26.026"/>
  <testcase classname="testCases.TC04_AddToCart" name="AddToCartTest" time="21.129"/>
  <testcase classname="testCases.TC04_AddToCart" name="AddToCartTest" time="27.035"/>
  <testcase classname="testCases.TC04_AddToCart" name="AddToCartTest" time="23.526"/>
  <testcase classname="testCases.TC04_AddToCart" name="AddToCartTest" time="28.842">
    <skipped/>
  </testcase> <!-- AddToCartTest -->
  <testcase classname="testCases.TC04_AddToCart" name="AddToCartTest" time="28.802"/>
</testsuite> <!-- testCases.TC04_AddToCart -->
